#
# There is insufficient memory for the Java Runtime Environment to continue.
# Native memory allocation (mmap) failed to map 58720256 bytes for committing reserved memory.
# Possible reasons:
#   The system is out of physical RAM or swap space
#   In 32 bit mode, the process size limit was hit
# Possible solutions:
#   Reduce memory load on the system
#   Increase physical memory or swap space
#   Check if swap backing store is full
#   Use 64 bit Java on a 64 bit OS
#   Decrease Java heap size (-Xmx/-Xms)
#   Decrease number of Java threads
#   Decrease Java thread stack sizes (-Xss)
#   Set larger code cache with -XX:ReservedCodeCacheSize=
# This output file may be truncated or incomplete.
#
#  Out of Memory Error (os_linux.cpp:2673), pid=14428, tid=139990016788224
#
# JRE version: Java(TM) SE Runtime Environment (8.0_40-b26) (build 1.8.0_40-b26)
# Java VM: Java HotSpot(TM) 64-Bit Server VM (25.40-b25 mixed mode linux-amd64 compressed oops)
# Failed to write core dump. Core dumps have been disabled. To enable core dumping, try "ulimit -c unlimited" before starting Java again
#

---------------  T H R E A D  ---------------

Current thread (0x00007f5218080800):  VMThread [stack: 0x00007f51f7290000,0x00007f51f7391000] [id=14443]

Stack: [0x00007f51f7290000,0x00007f51f7391000],  sp=0x00007f51f738f0e0,  free space=1020k
Native frames: (J=compiled Java code, j=interpreted, Vv=VM code, C=native code)
V  [libjvm.so+0xaaca9a]  VMError::report_and_die()+0x2ba
V  [libjvm.so+0x4f333b]  report_vm_out_of_memory(char const*, int, unsigned long, VMErrorType, char const*)+0x8b
V  [libjvm.so+0x90e8c3]  os::Linux::commit_memory_impl(char*, unsigned long, bool)+0x103
V  [libjvm.so+0x90ee19]  os::pd_commit_memory(char*, unsigned long, unsigned long, bool)+0x29
V  [libjvm.so+0x90877a]  os::commit_memory(char*, unsigned long, unsigned long, bool)+0x2a
V  [libjvm.so+0x97bbc3]  PSVirtualSpace::expand_by(unsigned long)+0x53
V  [libjvm.so+0x97cfc8]  PSYoungGen::resize_generation(unsigned long, unsigned long)+0xf8
V  [libjvm.so+0x97c122]  PSYoungGen::resize(unsigned long, unsigned long)+0x22
V  [libjvm.so+0x9793fb]  PSScavenge::invoke_no_policy()+0xf7b
V  [libjvm.so+0x979b81]  PSScavenge::invoke()+0x41
V  [libjvm.so+0x932150]  ParallelScavengeHeap::failed_mem_allocate(unsigned long)+0x70
V  [libjvm.so+0xaae2d7]  VM_ParallelGCFailedAllocation::doit()+0x97
V  [libjvm.so+0xab5ac5]  VM_Operation::evaluate()+0x55
V  [libjvm.so+0xab3e9a]  VMThread::evaluate_operation(VM_Operation*)+0xba
V  [libjvm.so+0xab421e]  VMThread::loop()+0x1ce
V  [libjvm.so+0xab4690]  VMThread::run()+0x70
V  [libjvm.so+0x910ee8]  java_start(Thread*)+0x108

VM_Operation (0x00007f521eab2010): ParallelGCFailedAllocation, mode: safepoint, requested by thread 0x00007f521800a800


---------------  P R O C E S S  ---------------

Java Threads: ( => current thread )
  0x00007f52180e5000 JavaThread "Service Thread" daemon [_thread_blocked, id=14451, stack(0x00007f51f67ba000,0x00007f51f68bb000)]
  0x00007f52180c8000 JavaThread "C1 CompilerThread3" daemon [_thread_blocked, id=14450, stack(0x00007f51f68bb000,0x00007f51f69bc000)]
  0x00007f52180c6000 JavaThread "C2 CompilerThread2" daemon [_thread_blocked, id=14449, stack(0x00007f51f69bc000,0x00007f51f6abd000)]
  0x00007f52180c4000 JavaThread "C2 CompilerThread1" daemon [_thread_blocked, id=14448, stack(0x00007f51f6abd000,0x00007f51f6bbe000)]
  0x00007f52180c1000 JavaThread "C2 CompilerThread0" daemon [_thread_blocked, id=14447, stack(0x00007f51f6bbe000,0x00007f51f6cbf000)]
  0x00007f52180c0000 JavaThread "Signal Dispatcher" daemon [_thread_blocked, id=14446, stack(0x00007f51f6cbf000,0x00007f51f6dc0000)]
  0x00007f5218087800 JavaThread "Finalizer" daemon [_thread_blocked, id=14445, stack(0x00007f51f708e000,0x00007f51f718f000)]
  0x00007f5218085800 JavaThread "Reference Handler" daemon [_thread_blocked, id=14444, stack(0x00007f51f718f000,0x00007f51f7290000)]
  0x00007f521800a800 JavaThread "main" [_thread_blocked, id=14434, stack(0x00007f521e9b3000,0x00007f521eab4000)]

Other Threads:
=>0x00007f5218080800 VMThread [stack: 0x00007f51f7290000,0x00007f51f7391000] [id=14443]
  0x00007f52180e7800 WatcherThread [stack: 0x00007f51f66b9000,0x00007f51f67ba000] [id=14452]

VM state:at safepoint (normal execution)

VM Mutex/Monitor currently owned by a thread:  ([mutex/lock_event])
[0x00007f5218006a30] Threads_lock - owner thread: 0x00007f5218080800
[0x00007f5218006f30] Heap_lock - owner thread: 0x00007f521800a800

Heap:
 PSYoungGen      total 34304K, used 2550K [0x00000000eab00000, 0x00000000ecf00000, 0x0000000100000000)
  eden space 31744K, 0% used [0x00000000eab00000,0x00000000eab00000,0x00000000eca00000)
  from space 2560K, 99% used [0x00000000eca00000,0x00000000ecc7d840,0x00000000ecc80000)
  to   space 2560K, 0% used [0x00000000ecc80000,0x00000000ecc80000,0x00000000ecf00000)
 ParOldGen       total 42496K, used 29076K [0x00000000c0000000, 0x00000000c2980000, 0x00000000eab00000)
  object space 42496K, 68% used [0x00000000c0000000,0x00000000c1c650b0,0x00000000c2980000)
 Metaspace       used 7389K, capacity 7812K, committed 7936K, reserved 1056768K
  class space    used 746K, capacity 756K, committed 768K, reserved 1048576K

Card table byte_map: [0x00007f520840c000,0x00007f520860d000] byte_map_base: 0x00007f5207e0c000

Marking Bits: (ParMarkBitMap*) 0x00007f521de906c0
 Begin Bits: [0x00007f5205c04000, 0x00007f5206c04000)
 End Bits:   [0x00007f5206c04000, 0x00007f5207c04000)

Polling page: 0x00007f521ead7000

CodeCache: size=245760Kb used=6553Kb max_used=6564Kb free=239206Kb
 bounds [0x00007f52089cd000, 0x00007f520903d000, 0x00007f52179cd000]
 total_blobs=2322 nmethods=2027 adapters=208
 compilation: enabled

Compilation events (10 events):
Event: 7,835 Thread 0x00007f52180c4000 2002       4       com.android.dex.Dex$Section::<init> (8 bytes)
Event: 7,836 Thread 0x00007f52180c8000 nmethod 2036 0x00007f5209038450 code [0x00007f5209038660, 0x00007f5209039258]
Event: 7,836 Thread 0x00007f52180c4000 nmethod 2002 0x00007f520903b310 code [0x00007f520903b460, 0x00007f520903b4f8]
Event: 7,848 Thread 0x00007f52180c4000 2037 %     4       sun.security.provider.DigestBase::implCompressMultiBlock @ 0 (23 bytes)
Event: 7,851 Thread 0x00007f52180c4000 nmethod 2037% 0x00007f520903af90 code [0x00007f520903b0e0, 0x00007f520903b228]
Event: 7,853 Thread 0x00007f52180c8000 2038       3       sun.security.provider.DigestBase::engineUpdate (189 bytes)
Event: 7,854 Thread 0x00007f52180c8000 nmethod 2038 0x00007f520903a0d0 code [0x00007f520903a2c0, 0x00007f520903ad18]
Event: 7,858 Thread 0x00007f52180c4000 2039       4       sun.security.provider.DigestBase::implCompressMultiBlock (23 bytes)
Event: 7,860 Thread 0x00007f52180c4000 nmethod 2039 0x00007f5209039e10 code [0x00007f5209039f60, 0x00007f520903a028]
Event: 7,873 Thread 0x00007f52180c4000 2040 %     4       com.android.dx.merge.DexMerger$IdMerger::mergeSorted @ 125 (381 bytes)

GC Heap History (9 events):
Event: 1,832 GC heap before
{Heap before GC invocations=1 (full 0):
 PSYoungGen      total 18432K, used 15872K [0x00000000eab00000, 0x00000000ebf80000, 0x0000000100000000)
  eden space 15872K, 100% used [0x00000000eab00000,0x00000000eba80000,0x00000000eba80000)
  from space 2560K, 0% used [0x00000000ebd00000,0x00000000ebd00000,0x00000000ebf80000)
  to   space 2560K, 0% used [0x00000000eba80000,0x00000000eba80000,0x00000000ebd00000)
 ParOldGen       total 42496K, used 0K [0x00000000c0000000, 0x00000000c2980000, 0x00000000eab00000)
  object space 42496K, 0% used [0x00000000c0000000,0x00000000c0000000,0x00000000c2980000)
 Metaspace       used 5410K, capacity 6768K, committed 7040K, reserved 1056768K
  class space    used 542K, capacity 616K, committed 640K, reserved 1048576K
Event: 1,869 GC heap after
Heap after GC invocations=1 (full 0):
 PSYoungGen      total 18432K, used 2528K [0x00000000eab00000, 0x00000000ebf80000, 0x0000000100000000)
  eden space 15872K, 0% used [0x00000000eab00000,0x00000000eab00000,0x00000000eba80000)
  from space 2560K, 98% used [0x00000000eba80000,0x00000000ebcf8038,0x00000000ebd00000)
  to   space 2560K, 0% used [0x00000000ebd00000,0x00000000ebd00000,0x00000000ebf80000)
 ParOldGen       total 42496K, used 1935K [0x00000000c0000000, 0x00000000c2980000, 0x00000000eab00000)
  object space 42496K, 4% used [0x00000000c0000000,0x00000000c01e3fd8,0x00000000c2980000)
 Metaspace       used 5410K, capacity 6768K, committed 7040K, reserved 1056768K
  class space    used 542K, capacity 616K, committed 640K, reserved 1048576K
}
Event: 2,113 GC heap before
{Heap before GC invocations=2 (full 0):
 PSYoungGen      total 18432K, used 15555K [0x00000000eab00000, 0x00000000ebf80000, 0x0000000100000000)
  eden space 15872K, 82% used [0x00000000eab00000,0x00000000eb7b8c40,0x00000000eba80000)
  from space 2560K, 98% used [0x00000000eba80000,0x00000000ebcf8038,0x00000000ebd00000)
  to   space 2560K, 0% used [0x00000000ebd00000,0x00000000ebd00000,0x00000000ebf80000)
 ParOldGen       total 42496K, used 1935K [0x00000000c0000000, 0x00000000c2980000, 0x00000000eab00000)
  object space 42496K, 4% used [0x00000000c0000000,0x00000000c01e3fd8,0x00000000c2980000)
 Metaspace       used 5445K, capacity 6768K, committed 7040K, reserved 1056768K
  class space    used 542K, capacity 616K, committed 640K, reserved 1048576K
Event: 2,125 GC heap after
Heap after GC invocations=2 (full 0):
 PSYoungGen      total 18432K, used 2545K [0x00000000eab00000, 0x00000000ecf00000, 0x0000000100000000)
  eden space 15872K, 0% used [0x00000000eab00000,0x00000000eab00000,0x00000000eba80000)
  from space 2560K, 99% used [0x00000000ebd00000,0x00000000ebf7c7d8,0x00000000ebf80000)
  to   space 2560K, 0% used [0x00000000eba80000,0x00000000eba80000,0x00000000ebd00000)
 ParOldGen       total 42496K, used 6286K [0x00000000c0000000, 0x00000000c2980000, 0x00000000eab00000)
  object space 42496K, 14% used [0x00000000c0000000,0x00000000c0623a78,0x00000000c2980000)
 Metaspace       used 5445K, capacity 6768K, committed 7040K, reserved 1056768K
  class space    used 542K, capacity 616K, committed 640K, reserved 1048576K
}
Event: 7,455 GC heap before
{Heap before GC invocations=3 (full 0):
 PSYoungGen      total 18432K, used 18250K [0x00000000eab00000, 0x00000000ecf00000, 0x0000000100000000)
  eden space 15872K, 98% used [0x00000000eab00000,0x00000000eba561f0,0x00000000eba80000)
  from space 2560K, 99% used [0x00000000ebd00000,0x00000000ebf7c7d8,0x00000000ebf80000)
  to   space 2560K, 0% used [0x00000000eba80000,0x00000000eba80000,0x00000000ebd00000)
 ParOldGen       total 42496K, used 6286K [0x00000000c0000000, 0x00000000c2980000, 0x00000000eab00000)
  object space 42496K, 14% used [0x00000000c0000000,0x00000000c0623a78,0x00000000c2980000)
 Metaspace       used 7290K, capacity 7748K, committed 7936K, reserved 1056768K
  class space    used 745K, capacity 756K, committed 768K, reserved 1048576K
Event: 7,502 GC heap after
Heap after GC invocations=3 (full 0):
 PSYoungGen      total 18432K, used 2530K [0x00000000eab00000, 0x00000000ecf00000, 0x0000000100000000)
  eden space 15872K, 0% used [0x00000000eab00000,0x00000000eab00000,0x00000000eba80000)
  from space 2560K, 98% used [0x00000000eba80000,0x00000000ebcf8820,0x00000000ebd00000)
  to   space 2560K, 0% used [0x00000000ecc80000,0x00000000ecc80000,0x00000000ecf00000)
 ParOldGen       total 42496K, used 10822K [0x00000000c0000000, 0x00000000c2980000, 0x00000000eab00000)
  object space 42496K, 25% used [0x00000000c0000000,0x00000000c0a91980,0x00000000c2980000)
 Metaspace       used 7290K, capacity 7748K, committed 7936K, reserved 1056768K
  class space    used 745K, capacity 756K, committed 768K, reserved 1048576K
}
Event: 7,621 GC heap before
{Heap before GC invocations=4 (full 0):
 PSYoungGen      total 18432K, used 18402K [0x00000000eab00000, 0x00000000ecf00000, 0x0000000100000000)
  eden space 15872K, 100% used [0x00000000eab00000,0x00000000eba80000,0x00000000eba80000)
  from space 2560K, 98% used [0x00000000eba80000,0x00000000ebcf8820,0x00000000ebd00000)
  to   space 2560K, 0% used [0x00000000ecc80000,0x00000000ecc80000,0x00000000ecf00000)
 ParOldGen       total 42496K, used 10822K [0x00000000c0000000, 0x00000000c2980000, 0x00000000eab00000)
  object space 42496K, 25% used [0x00000000c0000000,0x00000000c0a91980,0x00000000c2980000)
 Metaspace       used 7354K, capacity 7748K, committed 7936K, reserved 1056768K
  class space    used 745K, capacity 756K, committed 768K, reserved 1048576K
Event: 7,640 GC heap after
Heap after GC invocations=4 (full 0):
 PSYoungGen      total 34304K, used 2528K [0x00000000eab00000, 0x00000000ecf00000, 0x0000000100000000)
  eden space 31744K, 0% used [0x00000000eab00000,0x00000000eab00000,0x00000000eca00000)
  from space 2560K, 98% used [0x00000000ecc80000,0x00000000ecef8050,0x00000000ecf00000)
  to   space 2560K, 0% used [0x00000000eca00000,0x00000000eca00000,0x00000000ecc80000)
 ParOldGen       total 42496K, used 14638K [0x00000000c0000000, 0x00000000c2980000, 0x00000000eab00000)
  object space 42496K, 34% used [0x00000000c0000000,0x00000000c0e4ba70,0x00000000c2980000)
 Metaspace       used 7354K, capacity 7748K, committed 7936K, reserved 1056768K
  class space    used 745K, capacity 756K, committed 768K, reserved 1048576K
}
Event: 7,884 GC heap before
{Heap before GC invocations=5 (full 0):
 PSYoungGen      total 34304K, used 34272K [0x00000000eab00000, 0x00000000ecf00000, 0x0000000100000000)
  eden space 31744K, 100% used [0x00000000eab00000,0x00000000eca00000,0x00000000eca00000)
  from space 2560K, 98% used [0x00000000ecc80000,0x00000000ecef8050,0x00000000ecf00000)
  to   space 2560K, 0% used [0x00000000eca00000,0x00000000eca00000,0x00000000ecc80000)
 ParOldGen       total 42496K, used 14638K [0x00000000c0000000, 0x00000000c2980000, 0x00000000eab00000)
  object space 42496K, 34% used [0x00000000c0000000,0x00000000c0e4ba70,0x00000000c2980000)
 Metaspace       used 7389K, capacity 7812K, committed 7936K, reserved 1056768K
  class space    used 746K, capacity 756K, committed 768K, reserved 1048576K

Deoptimization events (10 events):
Event: 6,524 Thread 0x00007f521800a800 Uncommon trap: reason=class_check action=maybe_recompile pc=0x00007f5208e6ec74 method=com.android.dex.Leb128.writeUnsignedLeb128(Lcom/android/dex/util/ByteOutput;I)V @ 40
Event: 6,531 Thread 0x00007f521800a800 Uncommon trap: reason=class_check action=maybe_recompile pc=0x00007f5208e6ec74 method=com.android.dex.Leb128.writeUnsignedLeb128(Lcom/android/dex/util/ByteOutput;I)V @ 40
Event: 6,531 Thread 0x00007f521800a800 Uncommon trap: reason=class_check action=maybe_recompile pc=0x00007f5208e6ec74 method=com.android.dex.Leb128.writeUnsignedLeb128(Lcom/android/dex/util/ByteOutput;I)V @ 40
Event: 6,531 Thread 0x00007f521800a800 Uncommon trap: reason=class_check action=maybe_recompile pc=0x00007f5208e6ec74 method=com.android.dex.Leb128.writeUnsignedLeb128(Lcom/android/dex/util/ByteOutput;I)V @ 40
Event: 6,588 Thread 0x00007f521800a800 Uncommon trap: reason=unstable_if action=reinterpret pc=0x00007f5208e5153c method=com.android.dx.util.ByteArrayAnnotatedOutput.ensureCapacity(I)V @ 6
Event: 6,607 Thread 0x00007f521800a800 Uncommon trap: reason=predicate action=maybe_recompile pc=0x00007f5208ebfdf0 method=com.android.dex.Leb128.writeUnsignedLeb128(Lcom/android/dex/util/ByteOutput;I)V @ 9
Event: 6,948 Thread 0x00007f521800a800 Uncommon trap: reason=unstable_if action=reinterpret pc=0x00007f5208ea76b8 method=sun.misc.MetaIndex.mayContain(Ljava/lang/String;)Z @ 13
Event: 7,388 Thread 0x00007f521800a800 Uncommon trap: reason=predicate action=maybe_recompile pc=0x00007f5208f0b498 method=com.android.dex.Leb128.readUnsignedLeb128(Lcom/android/dex/util/ByteInput;)I @ 41
Event: 7,401 Thread 0x00007f521800a800 Uncommon trap: reason=unstable_if action=reinterpret pc=0x00007f5208df9678 method=java.util.HashMap.getNode(ILjava/lang/Object;)Ljava/util/HashMap$Node; @ 84
Event: 7,402 Thread 0x00007f521800a800 Uncommon trap: reason=unstable_if action=reinterpret pc=0x00007f5208e00180 method=java.util.HashMap.getNode(ILjava/lang/Object;)Ljava/util/HashMap$Node; @ 84

Internal exceptions (6 events):
Event: 0,307 Thread 0x00007f521800a800 Exception <a 'java/lang/NoSuchMethodError': Method sun.misc.Unsafe.defineClass(Ljava/lang/String;[BII)Ljava/lang/Class; name or signature does not match> (0x00000000eab12a38) thrown at [/HUDSON/workspace/8-2-build-linux-amd64/jdk8u40/3098/hotspot/src/shar
Event: 0,307 Thread 0x00007f521800a800 Exception <a 'java/lang/NoSuchMethodError': Method sun.misc.Unsafe.prefetchRead(Ljava/lang/Object;J)V name or signature does not match> (0x00000000eab12cc8) thrown at [/HUDSON/workspace/8-2-build-linux-amd64/jdk8u40/3098/hotspot/src/share/vm/prims/jni.cpp
Event: 6,961 Thread 0x00007f521800a800 Exception <a 'java/security/PrivilegedActionException'> (0x00000000eb773068) thrown at [/HUDSON/workspace/8-2-build-linux-amd64/jdk8u40/3098/hotspot/src/share/vm/prims/jvm.cpp, line 1382]
Event: 6,971 Thread 0x00007f521800a800 Exception <a 'java/security/PrivilegedActionException'> (0x00000000eb7733b0) thrown at [/HUDSON/workspace/8-2-build-linux-amd64/jdk8u40/3098/hotspot/src/share/vm/prims/jvm.cpp, line 1382]
Event: 6,977 Thread 0x00007f521800a800 Exception <a 'java/security/PrivilegedActionException'> (0x00000000eb775860) thrown at [/HUDSON/workspace/8-2-build-linux-amd64/jdk8u40/3098/hotspot/src/share/vm/prims/jvm.cpp, line 1382]
Event: 6,977 Thread 0x00007f521800a800 Exception <a 'java/security/PrivilegedActionException'> (0x00000000eb775ba8) thrown at [/HUDSON/workspace/8-2-build-linux-amd64/jdk8u40/3098/hotspot/src/share/vm/prims/jvm.cpp, line 1382]

Events (10 events):
Event: 7,761 Thread 0x00007f521800a800 DEOPT UNPACKING pc=0x00007f5208a14633 sp=0x00007f521eab1f90 mode 0
Event: 7,765 Thread 0x00007f521800a800 DEOPT PACKING pc=0x00007f5208f4b00e sp=0x00007f521eab2230
Event: 7,765 Thread 0x00007f521800a800 DEOPT UNPACKING pc=0x00007f5208a14633 sp=0x00007f521eab1f70 mode 0
Event: 7,766 loading class com/android/dex/Dex$1
Event: 7,766 loading class com/android/dex/Dex$1 done
Event: 7,853 Thread 0x00007f521800a800 DEOPT PACKING pc=0x00007f52090390ea sp=0x00007f521eab23e0
Event: 7,853 Thread 0x00007f521800a800 DEOPT UNPACKING pc=0x00007f5208a14633 sp=0x00007f521eab2108 mode 0
Event: 7,858 Thread 0x00007f521800a800 DEOPT PACKING pc=0x00007f5208fa6646 sp=0x00007f521eab2390
Event: 7,858 Thread 0x00007f521800a800 DEOPT UNPACKING pc=0x00007f5208a14633 sp=0x00007f521eab20d0 mode 0
Event: 7,878 Executing VM operation: ParallelGCFailedAllocation


Dynamic libraries:
00400000-00401000 r-xp 00000000 08:06 656616                             /opt/java/jdk1.8.0_40/bin/java
00600000-00601000 rw-p 00000000 08:06 656616                             /opt/java/jdk1.8.0_40/bin/java
02159000-0217a000 rw-p 00000000 00:00 0                                  [heap]
c0000000-c2980000 rw-p 00000000 00:00 0 
c2980000-eab00000 ---p 00000000 00:00 0 
eab00000-ecf00000 rw-p 00000000 00:00 0 
f0700000-100000000 ---p 00000000 00:00 0 
100000000-1000c0000 rw-p 00000000 00:00 0 
1000c0000-140000000 ---p 00000000 00:00 0 
7f51b4000000-7f51b4021000 rw-p 00000000 00:00 0 
7f51b4021000-7f51b8000000 ---p 00000000 00:00 0 
7f51bc000000-7f51bc422000 rw-p 00000000 00:00 0 
7f51bc422000-7f51c0000000 ---p 00000000 00:00 0 
7f51c0000000-7f51c0021000 rw-p 00000000 00:00 0 
7f51c0021000-7f51c4000000 ---p 00000000 00:00 0 
7f51c4000000-7f51c4d8e000 rw-p 00000000 00:00 0 
7f51c4d8e000-7f51c8000000 ---p 00000000 00:00 0 
7f51c8000000-7f51c89c9000 rw-p 00000000 00:00 0 
7f51c89c9000-7f51cc000000 ---p 00000000 00:00 0 
7f51cc000000-7f51cc021000 rw-p 00000000 00:00 0 
7f51cc021000-7f51d0000000 ---p 00000000 00:00 0 
7f51d0000000-7f51d04b3000 rw-p 00000000 00:00 0 
7f51d04b3000-7f51d4000000 ---p 00000000 00:00 0 
7f51d4000000-7f51d4021000 rw-p 00000000 00:00 0 
7f51d4021000-7f51d8000000 ---p 00000000 00:00 0 
7f51d8000000-7f51d8021000 rw-p 00000000 00:00 0 
7f51d8021000-7f51dc000000 ---p 00000000 00:00 0 
7f51dc000000-7f51dc021000 rw-p 00000000 00:00 0 
7f51dc021000-7f51e0000000 ---p 00000000 00:00 0 
7f51e0000000-7f51e028d000 rw-p 00000000 00:00 0 
7f51e028d000-7f51e4000000 ---p 00000000 00:00 0 
7f51e4000000-7f51e4021000 rw-p 00000000 00:00 0 
7f51e4021000-7f51e8000000 ---p 00000000 00:00 0 
7f51e8000000-7f51e8021000 rw-p 00000000 00:00 0 
7f51e8021000-7f51ec000000 ---p 00000000 00:00 0 
7f51ec000000-7f51ec021000 rw-p 00000000 00:00 0 
7f51ec021000-7f51f0000000 ---p 00000000 00:00 0 
7f51f0000000-7f51f0021000 rw-p 00000000 00:00 0 
7f51f0021000-7f51f4000000 ---p 00000000 00:00 0 
7f51f6665000-7f51f666c000 r--s 00000000 08:06 1466410                    /usr/lib/x86_64-linux-gnu/gconv/gconv-modules.cache
7f51f666c000-7f51f6692000 r--p 00000000 08:06 1464406                    /usr/share/locale-langpack/fr/LC_MESSAGES/libc.mo
7f51f6692000-7f51f669d000 r--s 00116000 08:06 656533                     /opt/java/jdk1.8.0_40/jre/lib/ext/localedata.jar
7f51f669d000-7f51f66b9000 r--s 00393000 08:06 656539                     /opt/java/jdk1.8.0_40/jre/lib/ext/cldrdata.jar
7f51f66b9000-7f51f66ba000 ---p 00000000 00:00 0 
7f51f66ba000-7f51f67ba000 rw-p 00000000 00:00 0                          [stack:14452]
7f51f67ba000-7f51f67bd000 ---p 00000000 00:00 0 
7f51f67bd000-7f51f68bb000 rw-p 00000000 00:00 0                          [stack:14451]
7f51f68bb000-7f51f68be000 ---p 00000000 00:00 0 
7f51f68be000-7f51f69bc000 rw-p 00000000 00:00 0                          [stack:14450]
7f51f69bc000-7f51f69bf000 ---p 00000000 00:00 0 
7f51f69bf000-7f51f6abd000 rw-p 00000000 00:00 0                          [stack:14449]
7f51f6abd000-7f51f6ac0000 ---p 00000000 00:00 0 
7f51f6ac0000-7f51f6bbe000 rw-p 00000000 00:00 0                          [stack:14448]
7f51f6bbe000-7f51f6bc1000 ---p 00000000 00:00 0 
7f51f6bc1000-7f51f6cbf000 rw-p 00000000 00:00 0                          [stack:14447]
7f51f6cbf000-7f51f6cc2000 ---p 00000000 00:00 0 
7f51f6cc2000-7f51f6dc0000 rw-p 00000000 00:00 0                          [stack:14446]
7f51f6dc0000-7f51f708e000 r--p 00000000 08:06 925939                     /usr/lib/locale/locale-archive
7f51f708e000-7f51f7091000 ---p 00000000 00:00 0 
7f51f7091000-7f51f718f000 rw-p 00000000 00:00 0                          [stack:14445]
7f51f718f000-7f51f7192000 ---p 00000000 00:00 0 
7f51f7192000-7f51f7290000 rw-p 00000000 00:00 0                          [stack:14444]
7f51f7290000-7f51f7291000 ---p 00000000 00:00 0 
7f51f7291000-7f51f8000000 rw-p 00000000 00:00 0                          [stack:14443]
7f51f8000000-7f51f8021000 rw-p 00000000 00:00 0 
7f51f8021000-7f51fc000000 ---p 00000000 00:00 0 
7f51fc000000-7f51fc021000 rw-p 00000000 00:00 0 
7f51fc021000-7f5200000000 ---p 00000000 00:00 0 
7f5200000000-7f5200021000 rw-p 00000000 00:00 0 
7f5200021000-7f5204000000 ---p 00000000 00:00 0 
7f5204002000-7f5204fb6000 rw-p 00000000 00:00 0 
7f5204fb6000-7f520518e000 r--s 03d09000 08:06 656524                     /opt/java/jdk1.8.0_40/jre/lib/rt.jar
7f520518e000-7f5205904000 rw-p 00000000 00:00 0 
7f5205904000-7f5205a04000 ---p 00000000 00:00 0 
7f5205a04000-7f5207c04000 rw-p 00000000 00:00 0 
7f5207c04000-7f5207c05000 ---p 00000000 00:00 0 
7f5207c05000-7f5207d05000 rw-p 00000000 00:00 0                          [stack:14442]
7f5207d05000-7f5207d06000 ---p 00000000 00:00 0 
7f5207d06000-7f5207e06000 rw-p 00000000 00:00 0                          [stack:14441]
7f5207e06000-7f5207e07000 ---p 00000000 00:00 0 
7f5207e07000-7f5207f07000 rw-p 00000000 00:00 0                          [stack:14440]
7f5207f07000-7f5207f08000 ---p 00000000 00:00 0 
7f5207f08000-7f5208008000 rw-p 00000000 00:00 0                          [stack:14439]
7f5208008000-7f5208009000 ---p 00000000 00:00 0 
7f5208009000-7f5208109000 rw-p 00000000 00:00 0                          [stack:14438]
7f5208109000-7f520810a000 ---p 00000000 00:00 0 
7f520810a000-7f520820a000 rw-p 00000000 00:00 0                          [stack:14437]
7f520820a000-7f520820b000 ---p 00000000 00:00 0 
7f520820b000-7f520830b000 rw-p 00000000 00:00 0                          [stack:14436]
7f520830b000-7f520830c000 ---p 00000000 00:00 0 
7f520830c000-7f5208421000 rw-p 00000000 00:00 0                          [stack:14435]
7f5208421000-7f5208561000 ---p 00000000 00:00 0 
7f5208561000-7f5208574000 rw-p 00000000 00:00 0 
7f5208574000-7f520860c000 ---p 00000000 00:00 0 
7f520860c000-7f5208627000 rw-p 00000000 00:00 0 
7f5208627000-7f52089cd000 ---p 00000000 00:00 0 
7f52089cd000-7f520903d000 rwxp 00000000 00:00 0 
7f520903d000-7f52179cd000 ---p 00000000 00:00 0 
7f52179cd000-7f52179e7000 r-xp 00000000 08:06 656474                     /opt/java/jdk1.8.0_40/jre/lib/amd64/libzip.so
7f52179e7000-7f5217be7000 ---p 0001a000 08:06 656474                     /opt/java/jdk1.8.0_40/jre/lib/amd64/libzip.so
7f5217be7000-7f5217be8000 rw-p 0001a000 08:06 656474                     /opt/java/jdk1.8.0_40/jre/lib/amd64/libzip.so
7f5217be8000-7f5217bf3000 r-xp 00000000 08:06 1185456                    /lib/x86_64-linux-gnu/libnss_files-2.19.so
7f5217bf3000-7f5217df2000 ---p 0000b000 08:06 1185456                    /lib/x86_64-linux-gnu/libnss_files-2.19.so
7f5217df2000-7f5217df3000 r--p 0000a000 08:06 1185456                    /lib/x86_64-linux-gnu/libnss_files-2.19.so
7f5217df3000-7f5217df4000 rw-p 0000b000 08:06 1185456                    /lib/x86_64-linux-gnu/libnss_files-2.19.so
7f5217df4000-7f5217dff000 r-xp 00000000 08:06 1185476                    /lib/x86_64-linux-gnu/libnss_nis-2.19.so
7f5217dff000-7f5217ffe000 ---p 0000b000 08:06 1185476                    /lib/x86_64-linux-gnu/libnss_nis-2.19.so
7f5217ffe000-7f5217fff000 r--p 0000a000 08:06 1185476                    /lib/x86_64-linux-gnu/libnss_nis-2.19.so
7f5217fff000-7f5218000000 rw-p 0000b000 08:06 1185476                    /lib/x86_64-linux-gnu/libnss_nis-2.19.so
7f5218000000-7f52183bb000 rw-p 00000000 00:00 0 
7f52183bb000-7f521c000000 ---p 00000000 00:00 0 
7f521c000000-7f521c00f000 r--s 000dd000 08:07 787645                     /home/vcaen/Android/Sdk/build-tools/21.1.2/lib/dx.jar
7f521c00f000-7f521c045000 rw-p 00000000 00:00 0 
7f521c045000-7f521c186000 ---p 00000000 00:00 0 
7f521c186000-7f521c19d000 r-xp 00000000 08:06 1185465                    /lib/x86_64-linux-gnu/libnsl-2.19.so
7f521c19d000-7f521c39c000 ---p 00017000 08:06 1185465                    /lib/x86_64-linux-gnu/libnsl-2.19.so
7f521c39c000-7f521c39d000 r--p 00016000 08:06 1185465                    /lib/x86_64-linux-gnu/libnsl-2.19.so
7f521c39d000-7f521c39e000 rw-p 00017000 08:06 1185465                    /lib/x86_64-linux-gnu/libnsl-2.19.so
7f521c39e000-7f521c3a0000 rw-p 00000000 00:00 0 
7f521c3a0000-7f521c3a9000 r-xp 00000000 08:06 1185464                    /lib/x86_64-linux-gnu/libnss_compat-2.19.so
7f521c3a9000-7f521c5a8000 ---p 00009000 08:06 1185464                    /lib/x86_64-linux-gnu/libnss_compat-2.19.so
7f521c5a8000-7f521c5a9000 r--p 00008000 08:06 1185464                    /lib/x86_64-linux-gnu/libnss_compat-2.19.so
7f521c5a9000-7f521c5aa000 rw-p 00009000 08:06 1185464                    /lib/x86_64-linux-gnu/libnss_compat-2.19.so
7f521c5aa000-7f521c5d4000 r-xp 00000000 08:06 656452                     /opt/java/jdk1.8.0_40/jre/lib/amd64/libjava.so
7f521c5d4000-7f521c7d4000 ---p 0002a000 08:06 656452                     /opt/java/jdk1.8.0_40/jre/lib/amd64/libjava.so
7f521c7d4000-7f521c7d6000 rw-p 0002a000 08:06 656452                     /opt/java/jdk1.8.0_40/jre/lib/amd64/libjava.so
7f521c7d6000-7f521c7e3000 r-xp 00000000 08:06 656468                     /opt/java/jdk1.8.0_40/jre/lib/amd64/libverify.so
7f521c7e3000-7f521c9e3000 ---p 0000d000 08:06 656468                     /opt/java/jdk1.8.0_40/jre/lib/amd64/libverify.so
7f521c9e3000-7f521c9e5000 rw-p 0000d000 08:06 656468                     /opt/java/jdk1.8.0_40/jre/lib/amd64/libverify.so
7f521c9e5000-7f521c9ec000 r-xp 00000000 08:06 1185473                    /lib/x86_64-linux-gnu/librt-2.19.so
7f521c9ec000-7f521cbeb000 ---p 00007000 08:06 1185473                    /lib/x86_64-linux-gnu/librt-2.19.so
7f521cbeb000-7f521cbec000 r--p 00006000 08:06 1185473                    /lib/x86_64-linux-gnu/librt-2.19.so
7f521cbec000-7f521cbed000 rw-p 00007000 08:06 1185473                    /lib/x86_64-linux-gnu/librt-2.19.so
7f521cbed000-7f521ccf2000 r-xp 00000000 08:06 1185455                    /lib/x86_64-linux-gnu/libm-2.19.so
7f521ccf2000-7f521cef1000 ---p 00105000 08:06 1185455                    /lib/x86_64-linux-gnu/libm-2.19.so
7f521cef1000-7f521cef2000 r--p 00104000 08:06 1185455                    /lib/x86_64-linux-gnu/libm-2.19.so
7f521cef2000-7f521cef3000 rw-p 00105000 08:06 1185455                    /lib/x86_64-linux-gnu/libm-2.19.so
7f521cef3000-7f521dba1000 r-xp 00000000 08:06 656490                     /opt/java/jdk1.8.0_40/jre/lib/amd64/server/libjvm.so
7f521dba1000-7f521dda0000 ---p 00cae000 08:06 656490                     /opt/java/jdk1.8.0_40/jre/lib/amd64/server/libjvm.so
7f521dda0000-7f521de77000 rw-p 00cad000 08:06 656490                     /opt/java/jdk1.8.0_40/jre/lib/amd64/server/libjvm.so
7f521de77000-7f521debb000 rw-p 00000000 00:00 0 
7f521debb000-7f521e076000 r-xp 00000000 08:06 1185470                    /lib/x86_64-linux-gnu/libc-2.19.so
7f521e076000-7f521e275000 ---p 001bb000 08:06 1185470                    /lib/x86_64-linux-gnu/libc-2.19.so
7f521e275000-7f521e279000 r--p 001ba000 08:06 1185470                    /lib/x86_64-linux-gnu/libc-2.19.so
7f521e279000-7f521e27b000 rw-p 001be000 08:06 1185470                    /lib/x86_64-linux-gnu/libc-2.19.so
7f521e27b000-7f521e280000 rw-p 00000000 00:00 0 
7f521e280000-7f521e283000 r-xp 00000000 08:06 1185459                    /lib/x86_64-linux-gnu/libdl-2.19.so
7f521e283000-7f521e482000 ---p 00003000 08:06 1185459                    /lib/x86_64-linux-gnu/libdl-2.19.so
7f521e482000-7f521e483000 r--p 00002000 08:06 1185459                    /lib/x86_64-linux-gnu/libdl-2.19.so
7f521e483000-7f521e484000 rw-p 00003000 08:06 1185459                    /lib/x86_64-linux-gnu/libdl-2.19.so
7f521e484000-7f521e499000 r-xp 00000000 08:06 537408                     /opt/java/jdk1.8.0_40/lib/amd64/jli/libjli.so
7f521e499000-7f521e699000 ---p 00015000 08:06 537408                     /opt/java/jdk1.8.0_40/lib/amd64/jli/libjli.so
7f521e699000-7f521e69a000 rw-p 00015000 08:06 537408                     /opt/java/jdk1.8.0_40/lib/amd64/jli/libjli.so
7f521e69a000-7f521e6b3000 r-xp 00000000 08:06 1185471                    /lib/x86_64-linux-gnu/libpthread-2.19.so
7f521e6b3000-7f521e8b2000 ---p 00019000 08:06 1185471                    /lib/x86_64-linux-gnu/libpthread-2.19.so
7f521e8b2000-7f521e8b3000 r--p 00018000 08:06 1185471                    /lib/x86_64-linux-gnu/libpthread-2.19.so
7f521e8b3000-7f521e8b4000 rw-p 00019000 08:06 1185471                    /lib/x86_64-linux-gnu/libpthread-2.19.so
7f521e8b4000-7f521e8b8000 rw-p 00000000 00:00 0 
7f521e8b8000-7f521e8db000 r-xp 00000000 08:06 1185467                    /lib/x86_64-linux-gnu/ld-2.19.so
7f521e8dc000-7f521e8e1000 r--s 00094000 08:06 656527                     /opt/java/jdk1.8.0_40/jre/lib/jsse.jar
7f521e8e1000-7f521e9b3000 rw-p 00000000 00:00 0 
7f521e9b3000-7f521e9b6000 ---p 00000000 00:00 0 
7f521e9b6000-7f521eab8000 rw-p 00000000 00:00 0                          [stack:14434]
7f521eab9000-7f521eace000 rw-p 00000000 00:00 0 
7f521eace000-7f521ead6000 rw-s 00000000 08:06 268578                     /tmp/hsperfdata_vcaen/14428
7f521ead6000-7f521ead7000 rw-p 00000000 00:00 0 
7f521ead7000-7f521ead8000 ---p 00000000 00:00 0 
7f521ead8000-7f521eada000 rw-p 00000000 00:00 0 
7f521eada000-7f521eadb000 r--p 00022000 08:06 1185467                    /lib/x86_64-linux-gnu/ld-2.19.so
7f521eadb000-7f521eadc000 rw-p 00023000 08:06 1185467                    /lib/x86_64-linux-gnu/ld-2.19.so
7f521eadc000-7f521eadd000 rw-p 00000000 00:00 0 
7fff5e868000-7fff5e889000 rw-p 00000000 00:00 0                          [stack]
7fff5e993000-7fff5e995000 r-xp 00000000 00:00 0                          [vdso]
ffffffffff600000-ffffffffff601000 r-xp 00000000 00:00 0                  [vsyscall]

VM Arguments:
jvm_args: -Xmx1024M -Dfile.encoding=UTF-8 -Duser.country=FR -Duser.language=fr -Duser.variant 
java_command: com.android.dx.command.Main --dex --output /home/vcaen/data/workspace/TrollGame/app/build/intermediates/dex/debug /home/vcaen/data/workspace/TrollGame/app/build/intermediates/classes/debug /home/vcaen/data/workspace/TrollGame/app/build/intermediates/pre-dexed/debug/support-annotations-22.0.0-c11278259497d3967a96324ebb9aafff1fb7a89e.jar /home/vcaen/data/workspace/TrollGame/app/build/intermediates/pre-dexed/debug/library-1.0.15-91995aa1673cfce51f28767cebc15c14c74dfbf6.jar /home/vcaen/data/workspace/TrollGame/app/build/intermediates/pre-dexed/debug/internal_impl-22.0.0-c7aad27fa17f3981ed8f517829cc65aedb9f5ec0.jar /home/vcaen/data/workspace/TrollGame/app/build/intermediates/pre-dexed/debug/classes-d02bc2e0aa936ba8ccc1c7e954ec913642551c57.jar /home/vcaen/data/workspace/TrollGame/app/build/intermediates/pre-dexed/debug/classes-fd691cfad5b2efa766a4f2b3f2f7fcf52a69edcc.jar /home/vcaen/data/workspace/TrollGame/app/build/intermediates/pre-dexed/debug/classes-742f8da9eff28f3132390a39e3069bbfd737db1f.jar
java_class_path (initial): /home/vcaen/Android/Sdk/build-tools/21.1.2/lib/dx.jar
Launcher Type: SUN_STANDARD

Environment Variables:
CLASSPATH=/opt/android/android-studio/bin/../lib/bootstrap.jar:/opt/android/android-studio/bin/../lib/extensions.jar:/opt/android/android-studio/bin/../lib/util.jar:/opt/android/android-studio/bin/../lib/jdom.jar:/opt/android/android-studio/bin/../lib/log4j.jar:/opt/android/android-studio/bin/../lib/trove4j.jar:/opt/android/android-studio/bin/../lib/jna.jar:/opt/java/jdk1.8.0_40/lib/tools.jar
PATH=/usr/local/sbin:/usr/local/bin:/usr/sbin:/usr/bin:/sbin:/bin:/usr/games:/usr/local/games
USERNAME=vcaen
LD_LIBRARY_PATH=/opt/android/android-studio/bin:
SHELL=/bin/bash
DISPLAY=:0

Signal Handlers:
SIGSEGV: [libjvm.so+0xaad2e0], sa_mask[0]=11111111011111111101111111111110, sa_flags=SA_RESTART|SA_SIGINFO
SIGBUS: [libjvm.so+0xaad2e0], sa_mask[0]=11111111011111111101111111111110, sa_flags=SA_RESTART|SA_SIGINFO
SIGFPE: [libjvm.so+0x90b550], sa_mask[0]=11111111011111111101111111111110, sa_flags=SA_RESTART|SA_SIGINFO
SIGPIPE: [libjvm.so+0x90b550], sa_mask[0]=11111111011111111101111111111110, sa_flags=SA_RESTART|SA_SIGINFO
SIGXFSZ: [libjvm.so+0x90b550], sa_mask[0]=11111111011111111101111111111110, sa_flags=SA_RESTART|SA_SIGINFO
SIGILL: [libjvm.so+0x90b550], sa_mask[0]=11111111011111111101111111111110, sa_flags=SA_RESTART|SA_SIGINFO
SIGUSR1: SIG_DFL, sa_mask[0]=00000000000000000000000000000000, sa_flags=none
SIGUSR2: [libjvm.so+0x90cb90], sa_mask[0]=00100000000000000000000000000000, sa_flags=SA_RESTART|SA_SIGINFO
SIGHUP: [libjvm.so+0x90dee0], sa_mask[0]=11111111011111111101111111111110, sa_flags=SA_RESTART|SA_SIGINFO
SIGINT: [libjvm.so+0x90dee0], sa_mask[0]=11111111011111111101111111111110, sa_flags=SA_RESTART|SA_SIGINFO
SIGTERM: [libjvm.so+0x90dee0], sa_mask[0]=11111111011111111101111111111110, sa_flags=SA_RESTART|SA_SIGINFO
SIGQUIT: [libjvm.so+0x90dee0], sa_mask[0]=11111111011111111101111111111110, sa_flags=SA_RESTART|SA_SIGINFO


---------------  S Y S T E M  ---------------

OS:DISTRIB_ID=LinuxMint
DISTRIB_RELEASE=17.1
DISTRIB_CODENAME=rebecca
DISTRIB_DESCRIPTION="Linux Mint 17.1 Rebecca"

uname:Linux 3.13.0-37-generic #64-Ubuntu SMP Mon Sep 22 21:28:38 UTC 2014 x86_64
libc:glibc 2.19 NPTL 2.19 
rlimit: STACK 8192k, CORE 0k, NPROC 30606, NOFILE 4096, AS infinity
load average:2,84 3,11 3,23

/proc/meminfo:
MemTotal:        3948292 kB
MemFree:          103324 kB
Buffers:             312 kB
Cached:            48696 kB
SwapCached:        38988 kB
Active:          2632332 kB
Inactive:         771140 kB
Active(anon):    2625704 kB
Inactive(anon):   766120 kB
Active(file):       6628 kB
Inactive(file):     5020 kB
Unevictable:        1016 kB
Mlocked:            1016 kB
SwapTotal:       1998844 kB
SwapFree:             12 kB
Dirty:               196 kB
Writeback:             0 kB
AnonPages:       3317576 kB
Mapped:           197324 kB
Shmem:             38188 kB
Slab:              80148 kB
SReclaimable:      27028 kB
SUnreclaim:        53120 kB
KernelStack:        5992 kB
PageTables:        49192 kB
NFS_Unstable:          0 kB
Bounce:                0 kB
WritebackTmp:          0 kB
CommitLimit:     3972988 kB
Committed_AS:    9004712 kB
VmallocTotal:   34359738367 kB
VmallocUsed:      391008 kB
VmallocChunk:   34359341180 kB
HardwareCorrupted:     0 kB
AnonHugePages:   1062912 kB
HugePages_Total:       0
HugePages_Free:        0
HugePages_Rsvd:        0
HugePages_Surp:        0
Hugepagesize:       2048 kB
DirectMap4k:      969172 kB
DirectMap2M:     3127296 kB


CPU:total 8 (4 cores per cpu, 2 threads per core) family 6 model 42 stepping 7, cmov, cx8, fxsr, mmx, sse, sse2, sse3, ssse3, sse4.1, sse4.2, popcnt, avx, clmul, ht, tsc, tscinvbit

/proc/cpuinfo:
processor	: 0
vendor_id	: GenuineIntel
cpu family	: 6
model		: 42
model name	: Intel(R) Core(TM) i7-2630QM CPU @ 2.00GHz
stepping	: 7
microcode	: 0x18
cpu MHz		: 2001.000
cache size	: 6144 KB
physical id	: 0
siblings	: 8
core id		: 0
cpu cores	: 4
apicid		: 0
initial apicid	: 0
fpu		: yes
fpu_exception	: yes
cpuid level	: 13
wp		: yes
flags		: fpu vme de pse tsc msr pae mce cx8 apic sep mtrr pge mca cmov pat pse36 clflush dts acpi mmx fxsr sse sse2 ss ht tm pbe syscall nx rdtscp lm constant_tsc arch_perfmon pebs bts rep_good nopl xtopology nonstop_tsc aperfmperf eagerfpu pni pclmulqdq dtes64 monitor ds_cpl vmx est tm2 ssse3 cx16 xtpr pdcm pcid sse4_1 sse4_2 x2apic popcnt tsc_deadline_timer xsave avx lahf_lm ida arat epb xsaveopt pln pts dtherm tpr_shadow vnmi flexpriority ept vpid
bogomips	: 3990.97
clflush size	: 64
cache_alignment	: 64
address sizes	: 36 bits physical, 48 bits virtual
power management:

processor	: 1
vendor_id	: GenuineIntel
cpu family	: 6
model		: 42
model name	: Intel(R) Core(TM) i7-2630QM CPU @ 2.00GHz
stepping	: 7
microcode	: 0x18
cpu MHz		: 1900.000
cache size	: 6144 KB
physical id	: 0
siblings	: 8
core id		: 1
cpu cores	: 4
apicid		: 2
initial apicid	: 2
fpu		: yes
fpu_exception	: yes
cpuid level	: 13
wp		: yes
flags		: fpu vme de pse tsc msr pae mce cx8 apic sep mtrr pge mca cmov pat pse36 clflush dts acpi mmx fxsr sse sse2 ss ht tm pbe syscall nx rdtscp lm constant_tsc arch_perfmon pebs bts rep_good nopl xtopology nonstop_tsc aperfmperf eagerfpu pni pclmulqdq dtes64 monitor ds_cpl vmx est tm2 ssse3 cx16 xtpr pdcm pcid sse4_1 sse4_2 x2apic popcnt tsc_deadline_timer xsave avx lahf_lm ida arat epb xsaveopt pln pts dtherm tpr_shadow vnmi flexpriority ept vpid
bogomips	: 3990.97
clflush size	: 64
cache_alignment	: 64
address sizes	: 36 bits physical, 48 bits virtual
power management:

processor	: 2
vendor_id	: GenuineIntel
cpu family	: 6
model		: 42
model name	: Intel(R) Core(TM) i7-2630QM CPU @ 2.00GHz
stepping	: 7
microcode	: 0x18
cpu MHz		: 800.000
cache size	: 6144 KB
physical id	: 0
siblings	: 8
core id		: 2
cpu cores	: 4
apicid		: 4
initial apicid	: 4
fpu		: yes
fpu_exception	: yes
cpuid level	: 13
wp		: yes
flags		: fpu vme de pse tsc msr pae mce cx8 apic sep mtrr pge mca cmov pat pse36 clflush dts acpi mmx fxsr sse sse2 ss ht tm pbe syscall nx rdtscp lm constant_tsc arch_perfmon pebs bts rep_good nopl xtopology nonstop_tsc aperfmperf eagerfpu pni pclmulqdq dtes64 monitor ds_cpl vmx est tm2 ssse3 cx16 xtpr pdcm pcid sse4_1 sse4_2 x2apic popcnt tsc_deadline_timer xsave avx lahf_lm ida arat epb xsaveopt pln pts dtherm tpr_shadow vnmi flexpriority ept vpid
bogomips	: 3990.97
clflush size	: 64
cache_alignment	: 64
address sizes	: 36 bits physical, 48 bits virtual
power management:

processor	: 3
vendor_id	: GenuineIntel
cpu family	: 6
model		: 42
model name	: Intel(R) Core(TM) i7-2630QM CPU @ 2.00GHz
stepping	: 7
microcode	: 0x18
cpu MHz		: 800.000
cache size	: 6144 KB
physical id	: 0
siblings	: 8
core id		: 3
cpu cores	: 4
apicid		: 6
initial apicid	: 6
fpu		: yes
fpu_exception	: yes
cpuid level	: 13
wp		: yes
flags		: fpu vme de pse tsc msr pae mce cx8 apic sep mtrr pge mca cmov pat pse36 clflush dts acpi mmx fxsr sse sse2 ss ht tm pbe syscall nx rdtscp lm constant_tsc arch_perfmon pebs bts rep_good nopl xtopology nonstop_tsc aperfmperf eagerfpu pni pclmulqdq dtes64 monitor ds_cpl vmx est tm2 ssse3 cx16 xtpr pdcm pcid sse4_1 sse4_2 x2apic popcnt tsc_deadline_timer xsave avx lahf_lm ida arat epb xsaveopt pln pts dtherm tpr_shadow vnmi flexpriority ept vpid
bogomips	: 3990.97
clflush size	: 64
cache_alignment	: 64
address sizes	: 36 bits physical, 48 bits virtual
power management:

processor	: 4
vendor_id	: GenuineIntel
cpu family	: 6
model		: 42
model name	: Intel(R) Core(TM) i7-2630QM CPU @ 2.00GHz
stepping	: 7
microcode	: 0x18
cpu MHz		: 800.000
cache size	: 6144 KB
physical id	: 0
siblings	: 8
core id		: 0
cpu cores	: 4
apicid		: 1
initial apicid	: 1
fpu		: yes
fpu_exception	: yes
cpuid level	: 13
wp		: yes
flags		: fpu vme de pse tsc msr pae mce cx8 apic sep mtrr pge mca cmov pat pse36 clflush dts acpi mmx fxsr sse sse2 ss ht tm pbe syscall nx rdtscp lm constant_tsc arch_perfmon pebs bts rep_good nopl xtopology nonstop_tsc aperfmperf eagerfpu pni pclmulqdq dtes64 monitor ds_cpl vmx est tm2 ssse3 cx16 xtpr pdcm pcid sse4_1 sse4_2 x2apic popcnt tsc_deadline_timer xsave avx lahf_lm ida arat epb xsaveopt pln pts dtherm tpr_shadow vnmi flexpriority ept vpid
bogomips	: 3990.97
clflush size	: 64
cache_alignment	: 64
address sizes	: 36 bits physical, 48 bits virtual
power management:

processor	: 5
vendor_id	: GenuineIntel
cpu family	: 6
model		: 42
model name	: Intel(R) Core(TM) i7-2630QM CPU @ 2.00GHz
stepping	: 7
microcode	: 0x18
cpu MHz		: 800.000
cache size	: 6144 KB
physical id	: 0
siblings	: 8
core id		: 1
cpu cores	: 4
apicid		: 3
initial apicid	: 3
fpu		: yes
fpu_exception	: yes
cpuid level	: 13
wp		: yes
flags		: fpu vme de pse tsc msr pae mce cx8 apic sep mtrr pge mca cmov pat pse36 clflush dts acpi mmx fxsr sse sse2 ss ht tm pbe syscall nx rdtscp lm constant_tsc arch_perfmon pebs bts rep_good nopl xtopology nonstop_tsc aperfmperf eagerfpu pni pclmulqdq dtes64 monitor ds_cpl vmx est tm2 ssse3 cx16 xtpr pdcm pcid sse4_1 sse4_2 x2apic popcnt tsc_deadline_timer xsave avx lahf_lm ida arat epb xsaveopt pln pts dtherm tpr_shadow vnmi flexpriority ept vpid
bogomips	: 3990.97
clflush size	: 64
cache_alignment	: 64
address sizes	: 36 bits physical, 48 bits virtual
power management:

processor	: 6
vendor_id	: GenuineIntel
cpu family	: 6
model		: 42
model name	: Intel(R) Core(TM) i7-2630QM CPU @ 2.00GHz
stepping	: 7
microcode	: 0x18
cpu MHz		: 800.000
cache size	: 6144 KB
physical id	: 0
siblings	: 8
core id		: 2
cpu cores	: 4
apicid		: 5
initial apicid	: 5
fpu		: yes
fpu_exception	: yes
cpuid level	: 13
wp		: yes
flags		: fpu vme de pse tsc msr pae mce cx8 apic sep mtrr pge mca cmov pat pse36 clflush dts acpi mmx fxsr sse sse2 ss ht tm pbe syscall nx rdtscp lm constant_tsc arch_perfmon pebs bts rep_good nopl xtopology nonstop_tsc aperfmperf eagerfpu pni pclmulqdq dtes64 monitor ds_cpl vmx est tm2 ssse3 cx16 xtpr pdcm pcid sse4_1 sse4_2 x2apic popcnt tsc_deadline_timer xsave avx lahf_lm ida arat epb xsaveopt pln pts dtherm tpr_shadow vnmi flexpriority ept vpid
bogomips	: 3990.97
clflush size	: 64
cache_alignment	: 64
address sizes	: 36 bits physical, 48 bits virtual
power management:

processor	: 7
vendor_id	: GenuineIntel
cpu family	: 6
model		: 42
model name	: Intel(R) Core(TM) i7-2630QM CPU @ 2.00GHz
stepping	: 7
microcode	: 0x18
cpu MHz		: 800.000
cache size	: 6144 KB
physical id	: 0
siblings	: 8
core id		: 3
cpu cores	: 4
apicid		: 7
initial apicid	: 7
fpu		: yes
fpu_exception	: yes
cpuid level	: 13
wp		: yes
flags		: fpu vme de pse tsc msr pae mce cx8 apic sep mtrr pge mca cmov pat pse36 clflush dts acpi mmx fxsr sse sse2 ss ht tm pbe syscall nx rdtscp lm constant_tsc arch_perfmon pebs bts rep_good nopl xtopology nonstop_tsc aperfmperf eagerfpu pni pclmulqdq dtes64 monitor ds_cpl vmx est tm2 ssse3 cx16 xtpr pdcm pcid sse4_1 sse4_2 x2apic popcnt tsc_deadline_timer xsave avx lahf_lm ida arat epb xsaveopt pln pts dtherm tpr_shadow vnmi flexpriority ept vpid
bogomips	: 3990.97
clflush size	: 64
cache_alignment	: 64
address sizes	: 36 bits physical, 48 bits virtual
power management:



Memory: 4k page, physical 3948292k(100224k free), swap 1998844k(16k free)

vm_info: Java HotSpot(TM) 64-Bit Server VM (25.40-b25) for linux-amd64 JRE (1.8.0_40-b26), built on Mar  7 2015 15:08:31 by "java_re" with gcc 4.3.0 20080428 (Red Hat 4.3.0-8)

time: Fri Mar 27 14:29:19 2015
elapsed time: 9 seconds (0d 0h 0m 9s)

