#
# There is insufficient memory for the Java Runtime Environment to continue.
# Native memory allocation (mmap) failed to map 58720256 bytes for committing reserved memory.
# Possible reasons:
#   The system is out of physical RAM or swap space
#   In 32 bit mode, the process size limit was hit
# Possible solutions:
#   Reduce memory load on the system
#   Increase physical memory or swap space
#   Check if swap backing store is full
#   Use 64 bit Java on a 64 bit OS
#   Decrease Java heap size (-Xmx/-Xms)
#   Decrease number of Java threads
#   Decrease Java thread stack sizes (-Xss)
#   Set larger code cache with -XX:ReservedCodeCacheSize=
# This output file may be truncated or incomplete.
#
#  Out of Memory Error (os_linux.cpp:2673), pid=12649, tid=140612183471872
#
# JRE version: Java(TM) SE Runtime Environment (8.0_40-b26) (build 1.8.0_40-b26)
# Java VM: Java HotSpot(TM) 64-Bit Server VM (25.40-b25 mixed mode linux-amd64 compressed oops)
# Failed to write core dump. Core dumps have been disabled. To enable core dumping, try "ulimit -c unlimited" before starting Java again
#

---------------  T H R E A D  ---------------

Current thread (0x00007fe308080000):  VMThread [stack: 0x00007fe2d32f3000,0x00007fe2d33f4000] [id=12663]

Stack: [0x00007fe2d32f3000,0x00007fe2d33f4000],  sp=0x00007fe2d33f22e0,  free space=1020k
Native frames: (J=compiled Java code, j=interpreted, Vv=VM code, C=native code)
V  [libjvm.so+0xaaca9a]  VMError::report_and_die()+0x2ba
V  [libjvm.so+0x4f333b]  report_vm_out_of_memory(char const*, int, unsigned long, VMErrorType, char const*)+0x8b
V  [libjvm.so+0x90e8c3]  os::Linux::commit_memory_impl(char*, unsigned long, bool)+0x103
V  [libjvm.so+0x90ee19]  os::pd_commit_memory(char*, unsigned long, unsigned long, bool)+0x29
V  [libjvm.so+0x90877a]  os::commit_memory(char*, unsigned long, unsigned long, bool)+0x2a
V  [libjvm.so+0x97bbc3]  PSVirtualSpace::expand_by(unsigned long)+0x53
V  [libjvm.so+0x96c420]  PSOldGen::expand(unsigned long)+0x170
V  [libjvm.so+0x96c62b]  PSOldGen::resize(unsigned long)+0x1cb
V  [libjvm.so+0x974341]  PSParallelCompact::invoke_no_policy(bool)+0x9d1
V  [libjvm.so+0x979ced]  PSScavenge::invoke()+0x1ad
V  [libjvm.so+0x932150]  ParallelScavengeHeap::failed_mem_allocate(unsigned long)+0x70
V  [libjvm.so+0xaae2d7]  VM_ParallelGCFailedAllocation::doit()+0x97
V  [libjvm.so+0xab5ac5]  VM_Operation::evaluate()+0x55
V  [libjvm.so+0xab3e9a]  VMThread::evaluate_operation(VM_Operation*)+0xba
V  [libjvm.so+0xab421e]  VMThread::loop()+0x1ce
V  [libjvm.so+0xab4690]  VMThread::run()+0x70
V  [libjvm.so+0x910ee8]  java_start(Thread*)+0x108

VM_Operation (0x00007fe30eb98af0): ParallelGCFailedAllocation, mode: safepoint, requested by thread 0x00007fe30800a000


---------------  P R O C E S S  ---------------

Java Threads: ( => current thread )
  0x00007fe3080d5000 JavaThread "Service Thread" daemon [_thread_blocked, id=12671, stack(0x00007fe2d281d000,0x00007fe2d291e000)]
  0x00007fe3080c7800 JavaThread "C1 CompilerThread3" daemon [_thread_blocked, id=12670, stack(0x00007fe2d291e000,0x00007fe2d2a1f000)]
  0x00007fe3080c5800 JavaThread "C2 CompilerThread2" daemon [_thread_blocked, id=12669, stack(0x00007fe2d2a1f000,0x00007fe2d2b20000)]
  0x00007fe3080c3800 JavaThread "C2 CompilerThread1" daemon [_thread_blocked, id=12668, stack(0x00007fe2d2b20000,0x00007fe2d2c21000)]
  0x00007fe3080c1000 JavaThread "C2 CompilerThread0" daemon [_thread_blocked, id=12667, stack(0x00007fe2d2c21000,0x00007fe2d2d22000)]
  0x00007fe3080bf800 JavaThread "Signal Dispatcher" daemon [_thread_blocked, id=12666, stack(0x00007fe2d2d22000,0x00007fe2d2e23000)]
  0x00007fe308087000 JavaThread "Finalizer" daemon [_thread_blocked, id=12665, stack(0x00007fe2d30f1000,0x00007fe2d31f2000)]
  0x00007fe308085000 JavaThread "Reference Handler" daemon [_thread_blocked, id=12664, stack(0x00007fe2d31f2000,0x00007fe2d32f3000)]
  0x00007fe30800a000 JavaThread "main" [_thread_blocked, id=12654, stack(0x00007fe30ea9a000,0x00007fe30eb9b000)]

Other Threads:
=>0x00007fe308080000 VMThread [stack: 0x00007fe2d32f3000,0x00007fe2d33f4000] [id=12663]
  0x00007fe3080d7000 WatcherThread [stack: 0x00007fe2d271c000,0x00007fe2d281d000] [id=12672]

VM state:at safepoint (normal execution)

VM Mutex/Monitor currently owned by a thread:  ([mutex/lock_event])
[0x00007fe308005e30] ExpandHeap_lock - owner thread: 0x00007fe308080000
[0x00007fe3080064b0] Threads_lock - owner thread: 0x00007fe308080000
[0x00007fe3080069b0] Heap_lock - owner thread: 0x00007fe30800a000

Heap:
 PSYoungGen      total 264192K, used 0K [0x00000000eab00000, 0x0000000100000000, 0x0000000100000000)
  eden space 184832K, 0% used [0x00000000eab00000,0x00000000eab00000,0x00000000f5f80000)
  from space 79360K, 0% used [0x00000000f5f80000,0x00000000f5f80000,0x00000000fad00000)
  to   space 79872K, 0% used [0x00000000fb200000,0x00000000fb200000,0x0000000100000000)
 ParOldGen       total 137216K, used 122868K [0x00000000c0000000, 0x00000000c8600000, 0x00000000eab00000)
  object space 137216K, 89% used [0x00000000c0000000,0x00000000c77fd200,0x00000000c8600000)
 Metaspace       used 5824K, capacity 7088K, committed 7296K, reserved 1056768K
  class space    used 547K, capacity 616K, committed 640K, reserved 1048576K

Card table byte_map: [0x00007fe2f8618000,0x00007fe2f8819000] byte_map_base: 0x00007fe2f8018000

Marking Bits: (ParMarkBitMap*) 0x00007fe30df776c0
 Begin Bits: [0x00007fe2f5cba000, 0x00007fe2f6cba000)
 End Bits:   [0x00007fe2f6cba000, 0x00007fe2f7cba000)

Polling page: 0x00007fe30ebbe000

CodeCache: size=245760Kb used=8509Kb max_used=10815Kb free=237250Kb
 bounds [0x00007fe2f8bd9000, 0x00007fe2f9699000, 0x00007fe307bd9000]
 total_blobs=1987 nmethods=1723 adapters=178
 compilation: enabled

Compilation events (10 events):
Event: 10,342 Thread 0x00007fe3080c5800 nmethod 2344% 0x00007fe2f8e23990 code [0x00007fe2f8e23b40, 0x00007fe2f8e241d8]
Event: 10,363 Thread 0x00007fe3080c1000 nmethod 2345% 0x00007fe2f8d94e50 code [0x00007fe2f8d95020, 0x00007fe2f8d95b78]
Event: 10,368 Thread 0x00007fe3080c3800 2346 %     4       com.android.dx.ssa.SsaMethod::makeExitBlock @ 69 (134 bytes)
Event: 10,376 Thread 0x00007fe3080c5800 2347 %     4       com.android.dx.ssa.SCCP::<init> @ 113 (142 bytes)
Event: 10,402 Thread 0x00007fe3080c3800 nmethod 2346% 0x00007fe2f8f15d50 code [0x00007fe2f8f15ee0, 0x00007fe2f8f16308]
Event: 10,405 Thread 0x00007fe3080c1000 2348       4       com.android.dx.ssa.SCCP::run (298 bytes)
Event: 10,426 Thread 0x00007fe3080c5800 nmethod 2347% 0x00007fe2f8ef51d0 code [0x00007fe2f8ef5320, 0x00007fe2f8ef5518]
Event: 10,444 Thread 0x00007fe3080c3800 2349 %     4       com.android.dx.ssa.ConstCollector::updateConstUses @ 20 (248 bytes)
Event: 10,458 Thread 0x00007fe3080c5800 2350 %     4       com.android.dx.ssa.back.InterferenceGraph::<init> @ 18 (42 bytes)
Event: 10,483 Thread 0x00007fe3080c5800 nmethod 2350% 0x00007fe2f8d97e10 code [0x00007fe2f8d97fe0, 0x00007fe2f8d98fb8]

GC Heap History (10 events):
Event: 5,368 GC heap after
Heap after GC invocations=12 (full 3):
 PSYoungGen      total 180224K, used 0K [0x00000000eab00000, 0x00000000ff080000, 0x0000000100000000)
  eden space 125440K, 0% used [0x00000000eab00000,0x00000000eab00000,0x00000000f2580000)
  from space 54784K, 0% used [0x00000000f2580000,0x00000000f2580000,0x00000000f5b00000)
  to   space 77824K, 0% used [0x00000000fa480000,0x00000000fa480000,0x00000000ff080000)
 ParOldGen       total 137216K, used 72562K [0x00000000c0000000, 0x00000000c8600000, 0x00000000eab00000)
  object space 137216K, 52% used [0x00000000c0000000,0x00000000c46dca48,0x00000000c8600000)
 Metaspace       used 5671K, capacity 6960K, committed 7040K, reserved 1056768K
  class space    used 545K, capacity 616K, committed 640K, reserved 1048576K
}
Event: 6,093 GC heap before
{Heap before GC invocations=13 (full 3):
 PSYoungGen      total 180224K, used 125440K [0x00000000eab00000, 0x00000000ff080000, 0x0000000100000000)
  eden space 125440K, 100% used [0x00000000eab00000,0x00000000f2580000,0x00000000f2580000)
  from space 54784K, 0% used [0x00000000f2580000,0x00000000f2580000,0x00000000f5b00000)
  to   space 77824K, 0% used [0x00000000fa480000,0x00000000fa480000,0x00000000ff080000)
 ParOldGen       total 137216K, used 72562K [0x00000000c0000000, 0x00000000c8600000, 0x00000000eab00000)
  object space 137216K, 52% used [0x00000000c0000000,0x00000000c46dca48,0x00000000c8600000)
 Metaspace       used 5791K, capacity 7024K, committed 7296K, reserved 1056768K
  class space    used 547K, capacity 616K, committed 640K, reserved 1048576K
Event: 6,228 GC heap after
Heap after GC invocations=13 (full 3):
 PSYoungGen      total 251904K, used 53264K [0x00000000eab00000, 0x00000000ff480000, 0x0000000100000000)
  eden space 174080K, 0% used [0x00000000eab00000,0x00000000eab00000,0x00000000f5500000)
  from space 77824K, 68% used [0x00000000fa480000,0x00000000fd884070,0x00000000ff080000)
  to   space 81408K, 0% used [0x00000000f5500000,0x00000000f5500000,0x00000000fa480000)
 ParOldGen       total 137216K, used 72570K [0x00000000c0000000, 0x00000000c8600000, 0x00000000eab00000)
  object space 137216K, 52% used [0x00000000c0000000,0x00000000c46dea48,0x00000000c8600000)
 Metaspace       used 5791K, capacity 7024K, committed 7296K, reserved 1056768K
  class space    used 547K, capacity 616K, committed 640K, reserved 1048576K
}
Event: 7,543 GC heap before
{Heap before GC invocations=14 (full 3):
 PSYoungGen      total 251904K, used 227344K [0x00000000eab00000, 0x00000000ff480000, 0x0000000100000000)
  eden space 174080K, 100% used [0x00000000eab00000,0x00000000f5500000,0x00000000f5500000)
  from space 77824K, 68% used [0x00000000fa480000,0x00000000fd884070,0x00000000ff080000)
  to   space 81408K, 0% used [0x00000000f5500000,0x00000000f5500000,0x00000000fa480000)
 ParOldGen       total 137216K, used 72570K [0x00000000c0000000, 0x00000000c8600000, 0x00000000eab00000)
  object space 137216K, 52% used [0x00000000c0000000,0x00000000c46dea48,0x00000000c8600000)
 Metaspace       used 5806K, capacity 7088K, committed 7296K, reserved 1056768K
  class space    used 547K, capacity 616K, committed 640K, reserved 1048576K
Event: 7,876 GC heap after
Heap after GC invocations=14 (full 3):
 PSYoungGen      total 255488K, used 51250K [0x00000000eab00000, 0x0000000100000000, 0x0000000100000000)
  eden space 174080K, 0% used [0x00000000eab00000,0x00000000eab00000,0x00000000f5500000)
  from space 81408K, 62% used [0x00000000f5500000,0x00000000f870c920,0x00000000fa480000)
  to   space 82944K, 0% used [0x00000000faf00000,0x00000000faf00000,0x0000000100000000)
 ParOldGen       total 137216K, used 87933K [0x00000000c0000000, 0x00000000c8600000, 0x00000000eab00000)
  object space 137216K, 64% used [0x00000000c0000000,0x00000000c55df760,0x00000000c8600000)
 Metaspace       used 5806K, capacity 7088K, committed 7296K, reserved 1056768K
  class space    used 547K, capacity 616K, committed 640K, reserved 1048576K
}
Event: 9,267 GC heap before
{Heap before GC invocations=15 (full 3):
 PSYoungGen      total 255488K, used 225330K [0x00000000eab00000, 0x0000000100000000, 0x0000000100000000)
  eden space 174080K, 100% used [0x00000000eab00000,0x00000000f5500000,0x00000000f5500000)
  from space 81408K, 62% used [0x00000000f5500000,0x00000000f870c920,0x00000000fa480000)
  to   space 82944K, 0% used [0x00000000faf00000,0x00000000faf00000,0x0000000100000000)
 ParOldGen       total 137216K, used 87933K [0x00000000c0000000, 0x00000000c8600000, 0x00000000eab00000)
  object space 137216K, 64% used [0x00000000c0000000,0x00000000c55df760,0x00000000c8600000)
 Metaspace       used 5824K, capacity 7088K, committed 7296K, reserved 1056768K
  class space    used 547K, capacity 616K, committed 640K, reserved 1048576K
Event: 9,366 GC heap after
Heap after GC invocations=15 (full 3):
 PSYoungGen      total 262144K, used 30412K [0x00000000eab00000, 0x00000000ffa80000, 0x0000000100000000)
  eden space 184832K, 0% used [0x00000000eab00000,0x00000000eab00000,0x00000000f5f80000)
  from space 77312K, 39% used [0x00000000faf00000,0x00000000fccb3258,0x00000000ffa80000)
  to   space 79360K, 0% used [0x00000000f5f80000,0x00000000f5f80000,0x00000000fad00000)
 ParOldGen       total 137216K, used 97463K [0x00000000c0000000, 0x00000000c8600000, 0x00000000eab00000)
  object space 137216K, 71% used [0x00000000c0000000,0x00000000c5f2dd08,0x00000000c8600000)
 Metaspace       used 5824K, capacity 7088K, committed 7296K, reserved 1056768K
  class space    used 547K, capacity 616K, committed 640K, reserved 1048576K
}
Event: 10,499 GC heap before
{Heap before GC invocations=16 (full 3):
 PSYoungGen      total 262144K, used 215244K [0x00000000eab00000, 0x00000000ffa80000, 0x0000000100000000)
  eden space 184832K, 100% used [0x00000000eab00000,0x00000000f5f80000,0x00000000f5f80000)
  from space 77312K, 39% used [0x00000000faf00000,0x00000000fccb3258,0x00000000ffa80000)
  to   space 79360K, 0% used [0x00000000f5f80000,0x00000000f5f80000,0x00000000fad00000)
 ParOldGen       total 137216K, used 97463K [0x00000000c0000000, 0x00000000c8600000, 0x00000000eab00000)
  object space 137216K, 71% used [0x00000000c0000000,0x00000000c5f2dd08,0x00000000c8600000)
 Metaspace       used 5824K, capacity 7088K, committed 7296K, reserved 1056768K
  class space    used 547K, capacity 616K, committed 640K, reserved 1048576K
Event: 10,663 GC heap after
Heap after GC invocations=16 (full 3):
 PSYoungGen      total 264192K, used 49143K [0x00000000eab00000, 0x0000000100000000, 0x0000000100000000)
  eden space 184832K, 0% used [0x00000000eab00000,0x00000000eab00000,0x00000000f5f80000)
  from space 79360K, 61% used [0x00000000f5f80000,0x00000000f8f7dc18,0x00000000fad00000)
  to   space 79872K, 0% used [0x00000000fb200000,0x00000000fb200000,0x0000000100000000)
 ParOldGen       total 137216K, used 117285K [0x00000000c0000000, 0x00000000c8600000, 0x00000000eab00000)
  object space 137216K, 85% used [0x00000000c0000000,0x00000000c7289708,0x00000000c8600000)
 Metaspace       used 5824K, capacity 7088K, committed 7296K, reserved 1056768K
  class space    used 547K, capacity 616K, committed 640K, reserved 1048576K
}
Event: 10,696 GC heap before
{Heap before GC invocations=17 (full 4):
 PSYoungGen      total 264192K, used 49143K [0x00000000eab00000, 0x0000000100000000, 0x0000000100000000)
  eden space 184832K, 0% used [0x00000000eab00000,0x00000000eab00000,0x00000000f5f80000)
  from space 79360K, 61% used [0x00000000f5f80000,0x00000000f8f7dc18,0x00000000fad00000)
  to   space 79872K, 0% used [0x00000000fb200000,0x00000000fb200000,0x0000000100000000)
 ParOldGen       total 137216K, used 117285K [0x00000000c0000000, 0x00000000c8600000, 0x00000000eab00000)
  object space 137216K, 85% used [0x00000000c0000000,0x00000000c7289708,0x00000000c8600000)
 Metaspace       used 5824K, capacity 7088K, committed 7296K, reserved 1056768K
  class space    used 547K, capacity 616K, committed 640K, reserved 1048576K

Deoptimization events (10 events):
Event: 8,286 Thread 0x00007fe30800a000 Uncommon trap: reason=bimorphic action=maybe_recompile pc=0x00007fe2f936b9ac method=com.android.dx.ssa.SCCP.simulatePhi(Lcom/android/dx/ssa/PhiInsn;)V @ 124
Event: 8,286 Thread 0x00007fe30800a000 Uncommon trap: reason=bimorphic action=maybe_recompile pc=0x00007fe2f92e5388 method=com.android.dx.ssa.SCCP.simulatePhi(Lcom/android/dx/ssa/PhiInsn;)V @ 124
Event: 8,286 Thread 0x00007fe30800a000 Uncommon trap: reason=bimorphic action=maybe_recompile pc=0x00007fe2f93e6f20 method=com.android.dx.ssa.SCCP.setLatticeValueTo(IILcom/android/dx/rop/cst/Constant;)Z @ 43
Event: 8,286 Thread 0x00007fe30800a000 Uncommon trap: reason=bimorphic action=maybe_recompile pc=0x00007fe2f92e5388 method=com.android.dx.ssa.SCCP.simulatePhi(Lcom/android/dx/ssa/PhiInsn;)V @ 124
Event: 8,286 Thread 0x00007fe30800a000 Uncommon trap: reason=bimorphic action=maybe_recompile pc=0x00007fe2f93e6f20 method=com.android.dx.ssa.SCCP.setLatticeValueTo(IILcom/android/dx/rop/cst/Constant;)Z @ 43
Event: 8,286 Thread 0x00007fe30800a000 Uncommon trap: reason=bimorphic action=maybe_recompile pc=0x00007fe2f936b9ac method=com.android.dx.ssa.SCCP.simulatePhi(Lcom/android/dx/ssa/PhiInsn;)V @ 124
Event: 8,286 Thread 0x00007fe30800a000 Uncommon trap: reason=bimorphic action=maybe_recompile pc=0x00007fe2f93e6f20 method=com.android.dx.ssa.SCCP.setLatticeValueTo(IILcom/android/dx/rop/cst/Constant;)Z @ 43
Event: 8,314 Thread 0x00007fe30800a000 Uncommon trap: reason=class_check action=maybe_recompile pc=0x00007fe2f8e3b8e4 method=com.android.dx.ssa.SCCP.replaceConstants()V @ 127
Event: 8,426 Thread 0x00007fe30800a000 Uncommon trap: reason=class_check action=maybe_recompile pc=0x00007fe2f8de9e40 method=com.android.dx.ssa.SCCP.simulateBranch(Lcom/android/dx/ssa/SsaInsn;)V @ 145
Event: 8,426 Thread 0x00007fe30800a000 Uncommon trap: reason=class_check action=maybe_recompile pc=0x00007fe2f8de9e40 method=com.android.dx.ssa.SCCP.simulateBranch(Lcom/android/dx/ssa/SsaInsn;)V @ 145

Internal exceptions (7 events):
Event: 0,076 Thread 0x00007fe30800a000 Exception <a 'java/lang/NoSuchMethodError': Method sun.misc.Unsafe.defineClass(Ljava/lang/String;[BII)Ljava/lang/Class; name or signature does not match> (0x00000000eab12a38) thrown at [/HUDSON/workspace/8-2-build-linux-amd64/jdk8u40/3098/hotspot/src/shar
Event: 0,076 Thread 0x00007fe30800a000 Exception <a 'java/lang/NoSuchMethodError': Method sun.misc.Unsafe.prefetchRead(Ljava/lang/Object;J)V name or signature does not match> (0x00000000eab12cc8) thrown at [/HUDSON/workspace/8-2-build-linux-amd64/jdk8u40/3098/hotspot/src/share/vm/prims/jni.cpp
Event: 1,745 Thread 0x00007fe30800a000 Implicit null exception at 0x00007fe2f8f44814 to 0x00007fe2f8f456bd
Event: 1,746 Thread 0x00007fe30800a000 Implicit null exception at 0x00007fe2f9048174 to 0x00007fe2f9048d1d
Event: 1,767 Thread 0x00007fe30800a000 Implicit null exception at 0x00007fe2f906ca6f to 0x00007fe2f906ced9
Event: 3,538 Thread 0x00007fe30800a000 Implicit null exception at 0x00007fe2f92c4610 to 0x00007fe2f92c880d
Event: 5,783 Thread 0x00007fe30800a000 Implicit null exception at 0x00007fe2f90a7c1a to 0x00007fe2f90a7d10

Events (10 events):
Event: 10,016 Thread 0x00007fe3080c5800 flushing nmethod 0x00007fe2f9258010
Event: 10,016 Thread 0x00007fe3080c5800 flushing nmethod 0x00007fe2f9282d50
Event: 10,016 Thread 0x00007fe3080c5800 flushing nmethod 0x00007fe2f9285f10
Event: 10,016 Thread 0x00007fe3080c5800 flushing nmethod 0x00007fe2f928cf90
Event: 10,016 Thread 0x00007fe3080c5800 flushing nmethod 0x00007fe2f92b0bd0
Event: 10,017 Thread 0x00007fe3080c5800 flushing nmethod 0x00007fe2f92c0b50
Event: 10,018 Thread 0x00007fe3080c5800 flushing nmethod 0x00007fe2f9355510
Event: 10,267 Thread 0x00007fe30800a000 DEOPT PACKING pc=0x00007fe2f937af90 sp=0x00007fe30eb98ce0
Event: 10,267 Thread 0x00007fe30800a000 DEOPT UNPACKING pc=0x00007fe2f8c20633 sp=0x00007fe30eb98a60 mode 0
Event: 10,487 Executing VM operation: ParallelGCFailedAllocation


Dynamic libraries:
00400000-00401000 r-xp 00000000 08:06 656616                             /opt/java/jdk1.8.0_40/bin/java
00600000-00601000 rw-p 00000000 08:06 656616                             /opt/java/jdk1.8.0_40/bin/java
01d6f000-01d90000 rw-p 00000000 00:00 0                                  [heap]
c0000000-c8600000 rw-p 00000000 00:00 0 
cbe00000-eab00000 ---p 00000000 00:00 0 
eab00000-100000000 rw-p 00000000 00:00 0 
100000000-1000a0000 rw-p 00000000 00:00 0 
1000a0000-140000000 ---p 00000000 00:00 0 
7fe2a4000000-7fe2a4021000 rw-p 00000000 00:00 0 
7fe2a4021000-7fe2a8000000 ---p 00000000 00:00 0 
7fe2ac000000-7fe2ac7ff000 rw-p 00000000 00:00 0 
7fe2ac7ff000-7fe2b0000000 ---p 00000000 00:00 0 
7fe2b0000000-7fe2b0021000 rw-p 00000000 00:00 0 
7fe2b0021000-7fe2b4000000 ---p 00000000 00:00 0 
7fe2b4000000-7fe2b5283000 rw-p 00000000 00:00 0 
7fe2b5283000-7fe2b8000000 ---p 00000000 00:00 0 
7fe2b8000000-7fe2b9084000 rw-p 00000000 00:00 0 
7fe2b9084000-7fe2bc000000 ---p 00000000 00:00 0 
7fe2bc000000-7fe2bc021000 rw-p 00000000 00:00 0 
7fe2bc021000-7fe2c0000000 ---p 00000000 00:00 0 
7fe2c0000000-7fe2c12ae000 rw-p 00000000 00:00 0 
7fe2c12ae000-7fe2c4000000 ---p 00000000 00:00 0 
7fe2c4000000-7fe2c4021000 rw-p 00000000 00:00 0 
7fe2c4021000-7fe2c8000000 ---p 00000000 00:00 0 
7fe2c8000000-7fe2c8021000 rw-p 00000000 00:00 0 
7fe2c8021000-7fe2cc000000 ---p 00000000 00:00 0 
7fe2cc000000-7fe2cc28e000 rw-p 00000000 00:00 0 
7fe2cc28e000-7fe2d0000000 ---p 00000000 00:00 0 
7fe2d26f6000-7fe2d271c000 r--p 00000000 08:06 1464406                    /usr/share/locale-langpack/fr/LC_MESSAGES/libc.mo
7fe2d271c000-7fe2d271d000 ---p 00000000 00:00 0 
7fe2d271d000-7fe2d281d000 rw-p 00000000 00:00 0                          [stack:12672]
7fe2d281d000-7fe2d2820000 ---p 00000000 00:00 0 
7fe2d2820000-7fe2d291e000 rw-p 00000000 00:00 0                          [stack:12671]
7fe2d291e000-7fe2d2921000 ---p 00000000 00:00 0 
7fe2d2921000-7fe2d2a1f000 rw-p 00000000 00:00 0                          [stack:12670]
7fe2d2a1f000-7fe2d2a22000 ---p 00000000 00:00 0 
7fe2d2a22000-7fe2d2b20000 rw-p 00000000 00:00 0                          [stack:12669]
7fe2d2b20000-7fe2d2b23000 ---p 00000000 00:00 0 
7fe2d2b23000-7fe2d2c21000 rw-p 00000000 00:00 0                          [stack:12668]
7fe2d2c21000-7fe2d2c24000 ---p 00000000 00:00 0 
7fe2d2c24000-7fe2d2d22000 rw-p 00000000 00:00 0                          [stack:12667]
7fe2d2d22000-7fe2d2d25000 ---p 00000000 00:00 0 
7fe2d2d25000-7fe2d2e23000 rw-p 00000000 00:00 0                          [stack:12666]
7fe2d2e23000-7fe2d30f1000 r--p 00000000 08:06 925939                     /usr/lib/locale/locale-archive
7fe2d30f1000-7fe2d30f4000 ---p 00000000 00:00 0 
7fe2d30f4000-7fe2d31f2000 rw-p 00000000 00:00 0                          [stack:12665]
7fe2d31f2000-7fe2d31f5000 ---p 00000000 00:00 0 
7fe2d31f5000-7fe2d32f3000 rw-p 00000000 00:00 0                          [stack:12664]
7fe2d32f3000-7fe2d32f4000 ---p 00000000 00:00 0 
7fe2d32f4000-7fe2d4000000 rw-p 00000000 00:00 0                          [stack:12663]
7fe2d4000000-7fe2d4021000 rw-p 00000000 00:00 0 
7fe2d4021000-7fe2d8000000 ---p 00000000 00:00 0 
7fe2d8000000-7fe2d8021000 rw-p 00000000 00:00 0 
7fe2d8021000-7fe2dc000000 ---p 00000000 00:00 0 
7fe2dc000000-7fe2dc021000 rw-p 00000000 00:00 0 
7fe2dc021000-7fe2e0000000 ---p 00000000 00:00 0 
7fe2e0000000-7fe2e0021000 rw-p 00000000 00:00 0 
7fe2e0021000-7fe2e4000000 ---p 00000000 00:00 0 
7fe2e4000000-7fe2e4021000 rw-p 00000000 00:00 0 
7fe2e4021000-7fe2e8000000 ---p 00000000 00:00 0 
7fe2e8000000-7fe2e8021000 rw-p 00000000 00:00 0 
7fe2e8021000-7fe2ec000000 ---p 00000000 00:00 0 
7fe2ec000000-7fe2ec021000 rw-p 00000000 00:00 0 
7fe2ec021000-7fe2f0000000 ---p 00000000 00:00 0 
7fe2f0000000-7fe2f0021000 rw-p 00000000 00:00 0 
7fe2f0021000-7fe2f4000000 ---p 00000000 00:00 0 
7fe2f4020000-7fe2f4076000 r--s 00303000 08:11 503509                     /home/vcaen/data/workspace/TrollGame/app/build/intermediates/exploded-aar/com.google.android.gms/play-services/6.5.87/classes.jar
7fe2f4076000-7fe2f506c000 rw-p 00000000 00:00 0 
7fe2f506c000-7fe2f5244000 r--s 03d09000 08:06 656524                     /opt/java/jdk1.8.0_40/jre/lib/rt.jar
7fe2f5244000-7fe2f593a000 rw-p 00000000 00:00 0 
7fe2f593a000-7fe2f5aba000 ---p 00000000 00:00 0 
7fe2f5aba000-7fe2f7cba000 rw-p 00000000 00:00 0 
7fe2f7cba000-7fe2f7cbb000 ---p 00000000 00:00 0 
7fe2f7cbb000-7fe2f7dbb000 rw-p 00000000 00:00 0                          [stack:12662]
7fe2f7dbb000-7fe2f7dbc000 ---p 00000000 00:00 0 
7fe2f7dbc000-7fe2f7ebc000 rw-p 00000000 00:00 0                          [stack:12661]
7fe2f7ebc000-7fe2f7ebd000 ---p 00000000 00:00 0 
7fe2f7ebd000-7fe2f7fbd000 rw-p 00000000 00:00 0                          [stack:12660]
7fe2f7fbd000-7fe2f7fbe000 ---p 00000000 00:00 0 
7fe2f7fbe000-7fe2f80be000 rw-p 00000000 00:00 0                          [stack:12659]
7fe2f80be000-7fe2f80bf000 ---p 00000000 00:00 0 
7fe2f80bf000-7fe2f81bf000 rw-p 00000000 00:00 0                          [stack:12658]
7fe2f81bf000-7fe2f81c0000 ---p 00000000 00:00 0 
7fe2f81c0000-7fe2f82c0000 rw-p 00000000 00:00 0                          [stack:12657]
7fe2f82c0000-7fe2f82c1000 ---p 00000000 00:00 0 
7fe2f82c1000-7fe2f83c1000 rw-p 00000000 00:00 0                          [stack:12656]
7fe2f83c1000-7fe2f83c2000 ---p 00000000 00:00 0 
7fe2f83c2000-7fe2f8505000 rw-p 00000000 00:00 0                          [stack:12655]
7fe2f8505000-7fe2f8618000 ---p 00000000 00:00 0 
7fe2f8618000-7fe2f865b000 rw-p 00000000 00:00 0 
7fe2f865b000-7fe2f876d000 ---p 00000000 00:00 0 
7fe2f876d000-7fe2f8818000 rw-p 00000000 00:00 0 
7fe2f8818000-7fe2f8844000 rw-p 00000000 00:00 0 
7fe2f8844000-7fe2f8bd9000 ---p 00000000 00:00 0 
7fe2f8bd9000-7fe2f9699000 rwxp 00000000 00:00 0 
7fe2f9699000-7fe307bd9000 ---p 00000000 00:00 0 
7fe307bd9000-7fe307bf3000 r-xp 00000000 08:06 656474                     /opt/java/jdk1.8.0_40/jre/lib/amd64/libzip.so
7fe307bf3000-7fe307df3000 ---p 0001a000 08:06 656474                     /opt/java/jdk1.8.0_40/jre/lib/amd64/libzip.so
7fe307df3000-7fe307df4000 rw-p 0001a000 08:06 656474                     /opt/java/jdk1.8.0_40/jre/lib/amd64/libzip.so
7fe307df4000-7fe307dff000 r-xp 00000000 08:06 1185456                    /lib/x86_64-linux-gnu/libnss_files-2.19.so
7fe307dff000-7fe307ffe000 ---p 0000b000 08:06 1185456                    /lib/x86_64-linux-gnu/libnss_files-2.19.so
7fe307ffe000-7fe307fff000 r--p 0000a000 08:06 1185456                    /lib/x86_64-linux-gnu/libnss_files-2.19.so
7fe307fff000-7fe308000000 rw-p 0000b000 08:06 1185456                    /lib/x86_64-linux-gnu/libnss_files-2.19.so
7fe308000000-7fe3083bc000 rw-p 00000000 00:00 0 
7fe3083bc000-7fe30c000000 ---p 00000000 00:00 0 
7fe30c009000-7fe30c010000 r--s 00000000 08:06 1466410                    /usr/lib/x86_64-linux-gnu/gconv/gconv-modules.cache
7fe30c010000-7fe30c01f000 r--s 000dd000 08:07 787645                     /home/vcaen/Android/Sdk/build-tools/21.1.2/lib/dx.jar
7fe30c01f000-7fe30c061000 rw-p 00000000 00:00 0 
7fe30c061000-7fe30c06c000 r-xp 00000000 08:06 1185476                    /lib/x86_64-linux-gnu/libnss_nis-2.19.so
7fe30c06c000-7fe30c26b000 ---p 0000b000 08:06 1185476                    /lib/x86_64-linux-gnu/libnss_nis-2.19.so
7fe30c26b000-7fe30c26c000 r--p 0000a000 08:06 1185476                    /lib/x86_64-linux-gnu/libnss_nis-2.19.so
7fe30c26c000-7fe30c26d000 rw-p 0000b000 08:06 1185476                    /lib/x86_64-linux-gnu/libnss_nis-2.19.so
7fe30c26d000-7fe30c284000 r-xp 00000000 08:06 1185465                    /lib/x86_64-linux-gnu/libnsl-2.19.so
7fe30c284000-7fe30c483000 ---p 00017000 08:06 1185465                    /lib/x86_64-linux-gnu/libnsl-2.19.so
7fe30c483000-7fe30c484000 r--p 00016000 08:06 1185465                    /lib/x86_64-linux-gnu/libnsl-2.19.so
7fe30c484000-7fe30c485000 rw-p 00017000 08:06 1185465                    /lib/x86_64-linux-gnu/libnsl-2.19.so
7fe30c485000-7fe30c487000 rw-p 00000000 00:00 0 
7fe30c487000-7fe30c490000 r-xp 00000000 08:06 1185464                    /lib/x86_64-linux-gnu/libnss_compat-2.19.so
7fe30c490000-7fe30c68f000 ---p 00009000 08:06 1185464                    /lib/x86_64-linux-gnu/libnss_compat-2.19.so
7fe30c68f000-7fe30c690000 r--p 00008000 08:06 1185464                    /lib/x86_64-linux-gnu/libnss_compat-2.19.so
7fe30c690000-7fe30c691000 rw-p 00009000 08:06 1185464                    /lib/x86_64-linux-gnu/libnss_compat-2.19.so
7fe30c691000-7fe30c6bb000 r-xp 00000000 08:06 656452                     /opt/java/jdk1.8.0_40/jre/lib/amd64/libjava.so
7fe30c6bb000-7fe30c8bb000 ---p 0002a000 08:06 656452                     /opt/java/jdk1.8.0_40/jre/lib/amd64/libjava.so
7fe30c8bb000-7fe30c8bd000 rw-p 0002a000 08:06 656452                     /opt/java/jdk1.8.0_40/jre/lib/amd64/libjava.so
7fe30c8bd000-7fe30c8ca000 r-xp 00000000 08:06 656468                     /opt/java/jdk1.8.0_40/jre/lib/amd64/libverify.so
7fe30c8ca000-7fe30caca000 ---p 0000d000 08:06 656468                     /opt/java/jdk1.8.0_40/jre/lib/amd64/libverify.so
7fe30caca000-7fe30cacc000 rw-p 0000d000 08:06 656468                     /opt/java/jdk1.8.0_40/jre/lib/amd64/libverify.so
7fe30cacc000-7fe30cad3000 r-xp 00000000 08:06 1185473                    /lib/x86_64-linux-gnu/librt-2.19.so
7fe30cad3000-7fe30ccd2000 ---p 00007000 08:06 1185473                    /lib/x86_64-linux-gnu/librt-2.19.so
7fe30ccd2000-7fe30ccd3000 r--p 00006000 08:06 1185473                    /lib/x86_64-linux-gnu/librt-2.19.so
7fe30ccd3000-7fe30ccd4000 rw-p 00007000 08:06 1185473                    /lib/x86_64-linux-gnu/librt-2.19.so
7fe30ccd4000-7fe30cdd9000 r-xp 00000000 08:06 1185455                    /lib/x86_64-linux-gnu/libm-2.19.so
7fe30cdd9000-7fe30cfd8000 ---p 00105000 08:06 1185455                    /lib/x86_64-linux-gnu/libm-2.19.so
7fe30cfd8000-7fe30cfd9000 r--p 00104000 08:06 1185455                    /lib/x86_64-linux-gnu/libm-2.19.so
7fe30cfd9000-7fe30cfda000 rw-p 00105000 08:06 1185455                    /lib/x86_64-linux-gnu/libm-2.19.so
7fe30cfda000-7fe30dc88000 r-xp 00000000 08:06 656490                     /opt/java/jdk1.8.0_40/jre/lib/amd64/server/libjvm.so
7fe30dc88000-7fe30de87000 ---p 00cae000 08:06 656490                     /opt/java/jdk1.8.0_40/jre/lib/amd64/server/libjvm.so
7fe30de87000-7fe30df5e000 rw-p 00cad000 08:06 656490                     /opt/java/jdk1.8.0_40/jre/lib/amd64/server/libjvm.so
7fe30df5e000-7fe30dfa2000 rw-p 00000000 00:00 0 
7fe30dfa2000-7fe30e15d000 r-xp 00000000 08:06 1185470                    /lib/x86_64-linux-gnu/libc-2.19.so
7fe30e15d000-7fe30e35c000 ---p 001bb000 08:06 1185470                    /lib/x86_64-linux-gnu/libc-2.19.so
7fe30e35c000-7fe30e360000 r--p 001ba000 08:06 1185470                    /lib/x86_64-linux-gnu/libc-2.19.so
7fe30e360000-7fe30e362000 rw-p 001be000 08:06 1185470                    /lib/x86_64-linux-gnu/libc-2.19.so
7fe30e362000-7fe30e367000 rw-p 00000000 00:00 0 
7fe30e367000-7fe30e36a000 r-xp 00000000 08:06 1185459                    /lib/x86_64-linux-gnu/libdl-2.19.so
7fe30e36a000-7fe30e569000 ---p 00003000 08:06 1185459                    /lib/x86_64-linux-gnu/libdl-2.19.so
7fe30e569000-7fe30e56a000 r--p 00002000 08:06 1185459                    /lib/x86_64-linux-gnu/libdl-2.19.so
7fe30e56a000-7fe30e56b000 rw-p 00003000 08:06 1185459                    /lib/x86_64-linux-gnu/libdl-2.19.so
7fe30e56b000-7fe30e580000 r-xp 00000000 08:06 537408                     /opt/java/jdk1.8.0_40/lib/amd64/jli/libjli.so
7fe30e580000-7fe30e780000 ---p 00015000 08:06 537408                     /opt/java/jdk1.8.0_40/lib/amd64/jli/libjli.so
7fe30e780000-7fe30e781000 rw-p 00015000 08:06 537408                     /opt/java/jdk1.8.0_40/lib/amd64/jli/libjli.so
7fe30e781000-7fe30e79a000 r-xp 00000000 08:06 1185471                    /lib/x86_64-linux-gnu/libpthread-2.19.so
7fe30e79a000-7fe30e999000 ---p 00019000 08:06 1185471                    /lib/x86_64-linux-gnu/libpthread-2.19.so
7fe30e999000-7fe30e99a000 r--p 00018000 08:06 1185471                    /lib/x86_64-linux-gnu/libpthread-2.19.so
7fe30e99a000-7fe30e99b000 rw-p 00019000 08:06 1185471                    /lib/x86_64-linux-gnu/libpthread-2.19.so
7fe30e99b000-7fe30e99f000 rw-p 00000000 00:00 0 
7fe30e99f000-7fe30e9c2000 r-xp 00000000 08:06 1185467                    /lib/x86_64-linux-gnu/ld-2.19.so
7fe30e9c8000-7fe30ea9a000 rw-p 00000000 00:00 0 
7fe30ea9a000-7fe30ea9d000 ---p 00000000 00:00 0 
7fe30ea9d000-7fe30eb9f000 rw-p 00000000 00:00 0                          [stack:12654]
7fe30eba0000-7fe30ebb5000 rw-p 00000000 00:00 0 
7fe30ebb5000-7fe30ebbd000 rw-s 00000000 08:06 268572                     /tmp/hsperfdata_vcaen/12649
7fe30ebbd000-7fe30ebbe000 rw-p 00000000 00:00 0 
7fe30ebbe000-7fe30ebbf000 ---p 00000000 00:00 0 
7fe30ebbf000-7fe30ebc1000 rw-p 00000000 00:00 0 
7fe30ebc1000-7fe30ebc2000 r--p 00022000 08:06 1185467                    /lib/x86_64-linux-gnu/ld-2.19.so
7fe30ebc2000-7fe30ebc3000 rw-p 00023000 08:06 1185467                    /lib/x86_64-linux-gnu/ld-2.19.so
7fe30ebc3000-7fe30ebc4000 rw-p 00000000 00:00 0 
7fff2ba21000-7fff2ba42000 rw-p 00000000 00:00 0                          [stack]
7fff2ba5f000-7fff2ba61000 r-xp 00000000 00:00 0                          [vdso]
ffffffffff600000-ffffffffff601000 r-xp 00000000 00:00 0                  [vsyscall]

VM Arguments:
jvm_args: -Xmx1024M -Dfile.encoding=UTF-8 -Duser.country=FR -Duser.language=fr -Duser.variant 
java_command: com.android.dx.command.Main --dex --output /home/vcaen/data/workspace/TrollGame/app/build/intermediates/pre-dexed/debug/classes-742f8da9eff28f3132390a39e3069bbfd737db1f.jar /home/vcaen/data/workspace/TrollGame/app/build/intermediates/exploded-aar/com.google.android.gms/play-services/6.5.87/classes.jar
java_class_path (initial): /home/vcaen/Android/Sdk/build-tools/21.1.2/lib/dx.jar
Launcher Type: SUN_STANDARD

Environment Variables:
CLASSPATH=/opt/android/android-studio/bin/../lib/bootstrap.jar:/opt/android/android-studio/bin/../lib/extensions.jar:/opt/android/android-studio/bin/../lib/util.jar:/opt/android/android-studio/bin/../lib/jdom.jar:/opt/android/android-studio/bin/../lib/log4j.jar:/opt/android/android-studio/bin/../lib/trove4j.jar:/opt/android/android-studio/bin/../lib/jna.jar:/opt/java/jdk1.8.0_40/lib/tools.jar
PATH=/usr/local/sbin:/usr/local/bin:/usr/sbin:/usr/bin:/sbin:/bin:/usr/games:/usr/local/games
USERNAME=vcaen
LD_LIBRARY_PATH=/opt/android/android-studio/bin:
SHELL=/bin/bash
DISPLAY=:0

Signal Handlers:
SIGSEGV: [libjvm.so+0xaad2e0], sa_mask[0]=11111111011111111101111111111110, sa_flags=SA_RESTART|SA_SIGINFO
SIGBUS: [libjvm.so+0xaad2e0], sa_mask[0]=11111111011111111101111111111110, sa_flags=SA_RESTART|SA_SIGINFO
SIGFPE: [libjvm.so+0x90b550], sa_mask[0]=11111111011111111101111111111110, sa_flags=SA_RESTART|SA_SIGINFO
SIGPIPE: [libjvm.so+0x90b550], sa_mask[0]=11111111011111111101111111111110, sa_flags=SA_RESTART|SA_SIGINFO
SIGXFSZ: [libjvm.so+0x90b550], sa_mask[0]=11111111011111111101111111111110, sa_flags=SA_RESTART|SA_SIGINFO
SIGILL: [libjvm.so+0x90b550], sa_mask[0]=11111111011111111101111111111110, sa_flags=SA_RESTART|SA_SIGINFO
SIGUSR1: SIG_DFL, sa_mask[0]=00000000000000000000000000000000, sa_flags=none
SIGUSR2: [libjvm.so+0x90cb90], sa_mask[0]=00100000000000000000000000000000, sa_flags=SA_RESTART|SA_SIGINFO
SIGHUP: [libjvm.so+0x90dee0], sa_mask[0]=11111111011111111101111111111110, sa_flags=SA_RESTART|SA_SIGINFO
SIGINT: [libjvm.so+0x90dee0], sa_mask[0]=11111111011111111101111111111110, sa_flags=SA_RESTART|SA_SIGINFO
SIGTERM: [libjvm.so+0x90dee0], sa_mask[0]=11111111011111111101111111111110, sa_flags=SA_RESTART|SA_SIGINFO
SIGQUIT: [libjvm.so+0x90dee0], sa_mask[0]=11111111011111111101111111111110, sa_flags=SA_RESTART|SA_SIGINFO


---------------  S Y S T E M  ---------------

OS:DISTRIB_ID=LinuxMint
DISTRIB_RELEASE=17.1
DISTRIB_CODENAME=rebecca
DISTRIB_DESCRIPTION="Linux Mint 17.1 Rebecca"

uname:Linux 3.13.0-37-generic #64-Ubuntu SMP Mon Sep 22 21:28:38 UTC 2014 x86_64
libc:glibc 2.19 NPTL 2.19 
rlimit: STACK 8192k, CORE 0k, NPROC 30606, NOFILE 4096, AS infinity
load average:3,55 1,72 1,24

/proc/meminfo:
MemTotal:        3948292 kB
MemFree:          105572 kB
Buffers:             280 kB
Cached:            70060 kB
SwapCached:        16916 kB
Active:          2802780 kB
Inactive:         758112 kB
Active(anon):    2800760 kB
Inactive(anon):   737820 kB
Active(file):       2020 kB
Inactive(file):    20292 kB
Unevictable:        1016 kB
Mlocked:            1016 kB
SwapTotal:       1998844 kB
SwapFree:             68 kB
Dirty:               112 kB
Writeback:             0 kB
AnonPages:       3475696 kB
Mapped:            81352 kB
Shmem:             47980 kB
Slab:              75000 kB
SReclaimable:      27596 kB
SUnreclaim:        47404 kB
KernelStack:        6328 kB
PageTables:        55524 kB
NFS_Unstable:          0 kB
Bounce:                0 kB
WritebackTmp:          0 kB
CommitLimit:     3972988 kB
Committed_AS:   10183300 kB
VmallocTotal:   34359738367 kB
VmallocUsed:      387048 kB
VmallocChunk:   34359346684 kB
HardwareCorrupted:     0 kB
AnonHugePages:    772096 kB
HugePages_Total:       0
HugePages_Free:        0
HugePages_Rsvd:        0
HugePages_Surp:        0
Hugepagesize:       2048 kB
DirectMap4k:      143828 kB
DirectMap2M:     3952640 kB


CPU:total 8 (4 cores per cpu, 2 threads per core) family 6 model 42 stepping 7, cmov, cx8, fxsr, mmx, sse, sse2, sse3, ssse3, sse4.1, sse4.2, popcnt, avx, clmul, ht, tsc, tscinvbit

/proc/cpuinfo:
processor	: 0
vendor_id	: GenuineIntel
cpu family	: 6
model		: 42
model name	: Intel(R) Core(TM) i7-2630QM CPU @ 2.00GHz
stepping	: 7
microcode	: 0x18
cpu MHz		: 2001.000
cache size	: 6144 KB
physical id	: 0
siblings	: 8
core id		: 0
cpu cores	: 4
apicid		: 0
initial apicid	: 0
fpu		: yes
fpu_exception	: yes
cpuid level	: 13
wp		: yes
flags		: fpu vme de pse tsc msr pae mce cx8 apic sep mtrr pge mca cmov pat pse36 clflush dts acpi mmx fxsr sse sse2 ss ht tm pbe syscall nx rdtscp lm constant_tsc arch_perfmon pebs bts rep_good nopl xtopology nonstop_tsc aperfmperf eagerfpu pni pclmulqdq dtes64 monitor ds_cpl vmx est tm2 ssse3 cx16 xtpr pdcm pcid sse4_1 sse4_2 x2apic popcnt tsc_deadline_timer xsave avx lahf_lm ida arat epb xsaveopt pln pts dtherm tpr_shadow vnmi flexpriority ept vpid
bogomips	: 3990.97
clflush size	: 64
cache_alignment	: 64
address sizes	: 36 bits physical, 48 bits virtual
power management:

processor	: 1
vendor_id	: GenuineIntel
cpu family	: 6
model		: 42
model name	: Intel(R) Core(TM) i7-2630QM CPU @ 2.00GHz
stepping	: 7
microcode	: 0x18
cpu MHz		: 1400.000
cache size	: 6144 KB
physical id	: 0
siblings	: 8
core id		: 1
cpu cores	: 4
apicid		: 2
initial apicid	: 2
fpu		: yes
fpu_exception	: yes
cpuid level	: 13
wp		: yes
flags		: fpu vme de pse tsc msr pae mce cx8 apic sep mtrr pge mca cmov pat pse36 clflush dts acpi mmx fxsr sse sse2 ss ht tm pbe syscall nx rdtscp lm constant_tsc arch_perfmon pebs bts rep_good nopl xtopology nonstop_tsc aperfmperf eagerfpu pni pclmulqdq dtes64 monitor ds_cpl vmx est tm2 ssse3 cx16 xtpr pdcm pcid sse4_1 sse4_2 x2apic popcnt tsc_deadline_timer xsave avx lahf_lm ida arat epb xsaveopt pln pts dtherm tpr_shadow vnmi flexpriority ept vpid
bogomips	: 3990.97
clflush size	: 64
cache_alignment	: 64
address sizes	: 36 bits physical, 48 bits virtual
power management:

processor	: 2
vendor_id	: GenuineIntel
cpu family	: 6
model		: 42
model name	: Intel(R) Core(TM) i7-2630QM CPU @ 2.00GHz
stepping	: 7
microcode	: 0x18
cpu MHz		: 1300.000
cache size	: 6144 KB
physical id	: 0
siblings	: 8
core id		: 2
cpu cores	: 4
apicid		: 4
initial apicid	: 4
fpu		: yes
fpu_exception	: yes
cpuid level	: 13
wp		: yes
flags		: fpu vme de pse tsc msr pae mce cx8 apic sep mtrr pge mca cmov pat pse36 clflush dts acpi mmx fxsr sse sse2 ss ht tm pbe syscall nx rdtscp lm constant_tsc arch_perfmon pebs bts rep_good nopl xtopology nonstop_tsc aperfmperf eagerfpu pni pclmulqdq dtes64 monitor ds_cpl vmx est tm2 ssse3 cx16 xtpr pdcm pcid sse4_1 sse4_2 x2apic popcnt tsc_deadline_timer xsave avx lahf_lm ida arat epb xsaveopt pln pts dtherm tpr_shadow vnmi flexpriority ept vpid
bogomips	: 3990.97
clflush size	: 64
cache_alignment	: 64
address sizes	: 36 bits physical, 48 bits virtual
power management:

processor	: 3
vendor_id	: GenuineIntel
cpu family	: 6
model		: 42
model name	: Intel(R) Core(TM) i7-2630QM CPU @ 2.00GHz
stepping	: 7
microcode	: 0x18
cpu MHz		: 2001.000
cache size	: 6144 KB
physical id	: 0
siblings	: 8
core id		: 3
cpu cores	: 4
apicid		: 6
initial apicid	: 6
fpu		: yes
fpu_exception	: yes
cpuid level	: 13
wp		: yes
flags		: fpu vme de pse tsc msr pae mce cx8 apic sep mtrr pge mca cmov pat pse36 clflush dts acpi mmx fxsr sse sse2 ss ht tm pbe syscall nx rdtscp lm constant_tsc arch_perfmon pebs bts rep_good nopl xtopology nonstop_tsc aperfmperf eagerfpu pni pclmulqdq dtes64 monitor ds_cpl vmx est tm2 ssse3 cx16 xtpr pdcm pcid sse4_1 sse4_2 x2apic popcnt tsc_deadline_timer xsave avx lahf_lm ida arat epb xsaveopt pln pts dtherm tpr_shadow vnmi flexpriority ept vpid
bogomips	: 3990.97
clflush size	: 64
cache_alignment	: 64
address sizes	: 36 bits physical, 48 bits virtual
power management:

processor	: 4
vendor_id	: GenuineIntel
cpu family	: 6
model		: 42
model name	: Intel(R) Core(TM) i7-2630QM CPU @ 2.00GHz
stepping	: 7
microcode	: 0x18
cpu MHz		: 800.000
cache size	: 6144 KB
physical id	: 0
siblings	: 8
core id		: 0
cpu cores	: 4
apicid		: 1
initial apicid	: 1
fpu		: yes
fpu_exception	: yes
cpuid level	: 13
wp		: yes
flags		: fpu vme de pse tsc msr pae mce cx8 apic sep mtrr pge mca cmov pat pse36 clflush dts acpi mmx fxsr sse sse2 ss ht tm pbe syscall nx rdtscp lm constant_tsc arch_perfmon pebs bts rep_good nopl xtopology nonstop_tsc aperfmperf eagerfpu pni pclmulqdq dtes64 monitor ds_cpl vmx est tm2 ssse3 cx16 xtpr pdcm pcid sse4_1 sse4_2 x2apic popcnt tsc_deadline_timer xsave avx lahf_lm ida arat epb xsaveopt pln pts dtherm tpr_shadow vnmi flexpriority ept vpid
bogomips	: 3990.97
clflush size	: 64
cache_alignment	: 64
address sizes	: 36 bits physical, 48 bits virtual
power management:

processor	: 5
vendor_id	: GenuineIntel
cpu family	: 6
model		: 42
model name	: Intel(R) Core(TM) i7-2630QM CPU @ 2.00GHz
stepping	: 7
microcode	: 0x18
cpu MHz		: 800.000
cache size	: 6144 KB
physical id	: 0
siblings	: 8
core id		: 1
cpu cores	: 4
apicid		: 3
initial apicid	: 3
fpu		: yes
fpu_exception	: yes
cpuid level	: 13
wp		: yes
flags		: fpu vme de pse tsc msr pae mce cx8 apic sep mtrr pge mca cmov pat pse36 clflush dts acpi mmx fxsr sse sse2 ss ht tm pbe syscall nx rdtscp lm constant_tsc arch_perfmon pebs bts rep_good nopl xtopology nonstop_tsc aperfmperf eagerfpu pni pclmulqdq dtes64 monitor ds_cpl vmx est tm2 ssse3 cx16 xtpr pdcm pcid sse4_1 sse4_2 x2apic popcnt tsc_deadline_timer xsave avx lahf_lm ida arat epb xsaveopt pln pts dtherm tpr_shadow vnmi flexpriority ept vpid
bogomips	: 3990.97
clflush size	: 64
cache_alignment	: 64
address sizes	: 36 bits physical, 48 bits virtual
power management:

processor	: 6
vendor_id	: GenuineIntel
cpu family	: 6
model		: 42
model name	: Intel(R) Core(TM) i7-2630QM CPU @ 2.00GHz
stepping	: 7
microcode	: 0x18
cpu MHz		: 800.000
cache size	: 6144 KB
physical id	: 0
siblings	: 8
core id		: 2
cpu cores	: 4
apicid		: 5
initial apicid	: 5
fpu		: yes
fpu_exception	: yes
cpuid level	: 13
wp		: yes
flags		: fpu vme de pse tsc msr pae mce cx8 apic sep mtrr pge mca cmov pat pse36 clflush dts acpi mmx fxsr sse sse2 ss ht tm pbe syscall nx rdtscp lm constant_tsc arch_perfmon pebs bts rep_good nopl xtopology nonstop_tsc aperfmperf eagerfpu pni pclmulqdq dtes64 monitor ds_cpl vmx est tm2 ssse3 cx16 xtpr pdcm pcid sse4_1 sse4_2 x2apic popcnt tsc_deadline_timer xsave avx lahf_lm ida arat epb xsaveopt pln pts dtherm tpr_shadow vnmi flexpriority ept vpid
bogomips	: 3990.97
clflush size	: 64
cache_alignment	: 64
address sizes	: 36 bits physical, 48 bits virtual
power management:

processor	: 7
vendor_id	: GenuineIntel
cpu family	: 6
model		: 42
model name	: Intel(R) Core(TM) i7-2630QM CPU @ 2.00GHz
stepping	: 7
microcode	: 0x18
cpu MHz		: 800.000
cache size	: 6144 KB
physical id	: 0
siblings	: 8
core id		: 3
cpu cores	: 4
apicid		: 7
initial apicid	: 7
fpu		: yes
fpu_exception	: yes
cpuid level	: 13
wp		: yes
flags		: fpu vme de pse tsc msr pae mce cx8 apic sep mtrr pge mca cmov pat pse36 clflush dts acpi mmx fxsr sse sse2 ss ht tm pbe syscall nx rdtscp lm constant_tsc arch_perfmon pebs bts rep_good nopl xtopology nonstop_tsc aperfmperf eagerfpu pni pclmulqdq dtes64 monitor ds_cpl vmx est tm2 ssse3 cx16 xtpr pdcm pcid sse4_1 sse4_2 x2apic popcnt tsc_deadline_timer xsave avx lahf_lm ida arat epb xsaveopt pln pts dtherm tpr_shadow vnmi flexpriority ept vpid
bogomips	: 3990.97
clflush size	: 64
cache_alignment	: 64
address sizes	: 36 bits physical, 48 bits virtual
power management:



Memory: 4k page, physical 3948292k(108320k free), swap 1998844k(48k free)

vm_info: Java HotSpot(TM) 64-Bit Server VM (25.40-b25) for linux-amd64 JRE (1.8.0_40-b26), built on Mar  7 2015 15:08:31 by "java_re" with gcc 4.3.0 20080428 (Red Hat 4.3.0-8)

time: Fri Mar 27 13:38:50 2015
elapsed time: 13 seconds (0d 0h 0m 13s)

